Using pre-set license
Built from '2020.3/staging' branch; Version is '2020.3.23f1 (c5d91304a876) revision 12966163'; Using compiler version '192528614'; Build Type 'Release'
OS: 'Windows 10 Home; OS build 19043.1288; Version 2009; 64bit' Language: 'ko' Physical Memory: 16326 MB
BatchMode: 1, IsHumanControllingUs: 0, StartBugReporterOnCrash: 0, Is64bit: 1, IsPro: 0

COMMAND LINE ARGUMENTS:
D:\Program Files (x86)\Unity\2020.3.23f1\Editor\Unity.exe
-adb2
-batchMode
-noUpm
-name
AssetImportWorker0
-projectPath
C:/Users/han/Documents/Unity/Psychometry
-logFile
Logs/AssetImportWorker0.log
-srvPort
3819
Successfully changed project path to: C:/Users/han/Documents/Unity/Psychometry
C:/Users/han/Documents/Unity/Psychometry
Using Asset Import Pipeline V2.
Refreshing native plugins compatible for Editor in 150.87 ms, found 5 plugins.
Preloading 1 native plugins for Editor in 2.45 ms.
Initialize engine version: 2020.3.23f1 (c5d91304a876)
[Subsystems] Discovering subsystems at path D:/Program Files (x86)/Unity/2020.3.23f1/Editor/Data/Resources/UnitySubsystems
[Subsystems] Discovering subsystems at path C:/Users/han/Documents/Unity/Psychometry/Assets
GfxDevice: creating device client; threaded=0
Direct3D:
    Version:  Direct3D 11.0 [level 11.1]
    Renderer: NVIDIA GeForce GTX 1060 6GB (ID=0x1c03)
    Vendor:   
    VRAM:     6052 MB
    Driver:   30.0.14.7212
Shader 'Oculus/OVRMRCameraFrameLit': fallback shader 'Alpha-Diffuse' not found
Initialize mono
Mono path[0] = 'D:/Program Files (x86)/Unity/2020.3.23f1/Editor/Data/Managed'
Mono path[1] = 'D:/Program Files (x86)/Unity/2020.3.23f1/Editor/Data/MonoBleedingEdge/lib/mono/unityjit'
Mono config path = 'D:/Program Files (x86)/Unity/2020.3.23f1/Editor/Data/MonoBleedingEdge/etc'
Using monoOptions --debugger-agent=transport=dt_socket,embedding=1,server=y,suspend=n,address=127.0.0.1:56368
Begin MonoManager ReloadAssembly
Registering precompiled unity dll's ...
Register platform support module: D:/Program Files (x86)/Unity/2020.3.23f1/Editor/Data/PlaybackEngines/WindowsStandaloneSupport/UnityEditor.WindowsStandalone.Extensions.dll
Registered in 0.001923 seconds.
Native extension for WindowsStandalone target not found
Refreshing native plugins compatible for Editor in 89.48 ms, found 5 plugins.
Preloading 1 native plugins for Editor in 0.33 ms.
Mono: successfully reloaded assembly
- Completed reload, in  0.996 seconds
Domain Reload Profiling:
	ReloadAssembly (996ms)
		BeginReloadAssembly (107ms)
			ExecutionOrderSort (0ms)
			DisableScriptedObjects (0ms)
			BackupInstance (0ms)
			ReleaseScriptingObjects (0ms)
			CreateAndSetChildDomain (1ms)
		EndReloadAssembly (806ms)
			LoadAssemblies (107ms)
			RebuildTransferFunctionScriptingTraits (0ms)
			SetupTypeCache (186ms)
			ReleaseScriptCaches (0ms)
			RebuildScriptCaches (37ms)
			SetupLoadedEditorAssemblies (398ms)
				LogAssemblyErrors (0ms)
				InitializePlatformSupportModulesInManaged (5ms)
				SetLoadedEditorAssemblies (0ms)
				RefreshPlugins (90ms)
				BeforeProcessingInitializeOnLoad (26ms)
				ProcessInitializeOnLoadAttributes (223ms)
				ProcessInitializeOnLoadMethodAttributes (54ms)
				AfterProcessingInitializeOnLoad (0ms)
				EditorAssembliesLoaded (0ms)
			ExecutionOrderSort2 (0ms)
			AwakeInstancesAfterBackupRestoration (0ms)
Platform modules already initialized, skipping
Registering precompiled user dll's ...
Registered in 0.021759 seconds.
Begin MonoManager ReloadAssembly
Native extension for WindowsStandalone target not found
Refreshing native plugins compatible for Editor in 1.39 ms, found 5 plugins.
Preloading 1 native plugins for Editor in 0.33 ms.
Mono: successfully reloaded assembly
- Completed reload, in  1.861 seconds
Domain Reload Profiling:
	ReloadAssembly (1863ms)
		BeginReloadAssembly (241ms)
			ExecutionOrderSort (0ms)
			DisableScriptedObjects (7ms)
			BackupInstance (0ms)
			ReleaseScriptingObjects (0ms)
			CreateAndSetChildDomain (21ms)
		EndReloadAssembly (1507ms)
			LoadAssemblies (274ms)
			RebuildTransferFunctionScriptingTraits (0ms)
			SetupTypeCache (450ms)
			ReleaseScriptCaches (0ms)
			RebuildScriptCaches (68ms)
			SetupLoadedEditorAssemblies (554ms)
				LogAssemblyErrors (0ms)
				InitializePlatformSupportModulesInManaged (5ms)
				SetLoadedEditorAssemblies (1ms)
				RefreshPlugins (2ms)
				BeforeProcessingInitializeOnLoad (150ms)
				ProcessInitializeOnLoadAttributes (343ms)
				ProcessInitializeOnLoadMethodAttributes (49ms)
				AfterProcessingInitializeOnLoad (5ms)
				EditorAssembliesLoaded (0ms)
			ExecutionOrderSort2 (0ms)
			AwakeInstancesAfterBackupRestoration (47ms)
Platform modules already initialized, skipping
========================================================================
Worker process is ready to serve import requests
Shader 'Oculus/OVRMRCameraFrameLit': fallback shader 'Alpha-Diffuse' not found
Launched and connected shader compiler UnityShaderCompiler.exe after 0.13 seconds
Refreshing native plugins compatible for Editor in 6.19 ms, found 5 plugins.
Preloading 1 native plugins for Editor in 1.03 ms.
Unloading 2408 Unused Serialized files (Serialized files now loaded: 0)
System memory in use before: 123.1 MB.
System memory in use after: 123.3 MB.

Unloading 44 unused Assets to reduce memory usage. Loaded Objects now: 2826.
Total: 8.967600 ms (FindLiveObjects: 0.434800 ms CreateObjectMapping: 0.195800 ms MarkObjects: 8.177800 ms  DeleteObjects: 0.156300 ms)

AssetImportParameters requested are different than current active one (requested -> active):
  custom:framework-win-MediaFoundation: 216162199b28c13a410421893ffa2e32 -> 
  custom:video-decoder-ogg-theora: a1e56fd34408186e4bbccfd4996cb3dc -> 
  custom:container-muxer-webm: aa71ff27fc2769a1b78a27578f13a17b -> 
  custom:container-demuxer-webm: 4f35f7cbe854078d1ac9338744f61a02 -> 
  custom:container-demuxer-ogg: 62fdf1f143b41e24485cea50d1cbac27 -> 
  custom:video-encoder-webm-vp8: eb34c28f22e8b96e1ab97ce403110664 -> 
  custom:video-decoder-webm-vp8: 9c59270c3fd7afecdb556c50c9e8de78 -> 
  custom:audio-decoder-ogg-vorbis: bf7c407c2cedff20999df2af8eb42d56 -> 
  custom:audio-encoder-webm-vorbis: bf7c407c2cedff20999df2af8eb42d56 -> 
========================================================================
Received Import Request.
  path: Assets/Scenes/OVRPlayerController.prefab
  artifactKey: Guid(1af32cd0ac17d6b4b90bc6b8bdadea84) Importer(815301076,1909f56bfc062723c751e8b465ee728b)
Start importing Assets/Scenes/OVRPlayerController.prefab using Guid(1af32cd0ac17d6b4b90bc6b8bdadea84) Importer(815301076,1909f56bfc062723c751e8b465ee728b)  -> (artifact id: 'd8cba06b801b8cb8c841a64f758285e9') in 0.728402 seconds 
  Import took 0.738394 seconds .

========================================================================
Received Import Request.
  Time since last request: 0.000281 seconds.
  path: Assets/Scenes/2nd Stairs Right Room.prefab
  artifactKey: Guid(d1958ebb942657347a2811fe0b187788) Importer(815301076,1909f56bfc062723c751e8b465ee728b)
Start importing Assets/Scenes/2nd Stairs Right Room.prefab using Guid(d1958ebb942657347a2811fe0b187788) Importer(815301076,1909f56bfc062723c751e8b465ee728b)  -> (artifact id: '17a1c0ef89753da4df902c484ebfb874') in 1.389493 seconds 
  Import took 1.405023 seconds .

========================================================================
Received Import Request.
  Time since last request: 0.000271 seconds.
  path: Assets/Scenes/1stFloor_Right.prefab
  artifactKey: Guid(be9622c08479f1847910ddadb9227312) Importer(815301076,1909f56bfc062723c751e8b465ee728b)
Start importing Assets/Scenes/1stFloor_Right.prefab using Guid(be9622c08479f1847910ddadb9227312) Importer(815301076,1909f56bfc062723c751e8b465ee728b)  -> (artifact id: 'acdc8cc2450e108c09ab3e83a50795f6') in 0.780844 seconds 
  Import took 0.790013 seconds .

========================================================================
Received Import Request.
  Time since last request: 0.000268 seconds.
  path: Assets/Scenes/UndergroundMap.prefab
  artifactKey: Guid(ccf6a9166a3a11046bf3bc2e713847b2) Importer(815301076,1909f56bfc062723c751e8b465ee728b)
Start importing Assets/Scenes/UndergroundMap.prefab using Guid(ccf6a9166a3a11046bf3bc2e713847b2) Importer(815301076,1909f56bfc062723c751e8b465ee728b)  -> (artifact id: 'f07360769470406f513750198b38a286') in 1.323829 seconds 
  Import took 1.335117 seconds .

========================================================================
Received Import Request.
  Time since last request: 0.000210 seconds.
  path: Assets/Scenes/PanelCanvas.prefab
  artifactKey: Guid(e472e7e96d9f3c74da60a22fb7947cfb) Importer(815301076,1909f56bfc062723c751e8b465ee728b)
Start importing Assets/Scenes/PanelCanvas.prefab using Guid(e472e7e96d9f3c74da60a22fb7947cfb) Importer(815301076,1909f56bfc062723c751e8b465ee728b)  -> (artifact id: '4e0a11a1c85d164b20d67f89ad58aa29') in 0.011503 seconds 
  Import took 0.020051 seconds .

========================================================================
Received Import Request.
  Time since last request: 0.001850 seconds.
  path: Assets/Scenes/SoundManager.prefab
  artifactKey: Guid(1326550da156a47479a99dc95372e4b4) Importer(815301076,1909f56bfc062723c751e8b465ee728b)
Start importing Assets/Scenes/SoundManager.prefab using Guid(1326550da156a47479a99dc95372e4b4) Importer(815301076,1909f56bfc062723c751e8b465ee728b)  -> (artifact id: 'c0caca08f443784fd1ea08b52ca655d5') in 0.023716 seconds 
  Import took 0.033189 seconds .

========================================================================
Received Import Request.
  Time since last request: 0.000262 seconds.
  path: Assets/Scenes/hand.prefab
  artifactKey: Guid(453a6dc3a9773fa41ba7908759167361) Importer(815301076,1909f56bfc062723c751e8b465ee728b)
Start importing Assets/Scenes/hand.prefab using Guid(453a6dc3a9773fa41ba7908759167361) Importer(815301076,1909f56bfc062723c751e8b465ee728b)  -> (artifact id: '5c6e0cb260e56919cdaf73d3e3607f5d') in 0.015338 seconds 
  Import took 0.020702 seconds .

========================================================================
Received Import Request.
  Time since last request: 0.000251 seconds.
  path: Assets/Scenes/Capsule.prefab
  artifactKey: Guid(2cf0d767d58dd394d98eb3638d24dbed) Importer(815301076,1909f56bfc062723c751e8b465ee728b)
Start importing Assets/Scenes/Capsule.prefab using Guid(2cf0d767d58dd394d98eb3638d24dbed) Importer(815301076,1909f56bfc062723c751e8b465ee728b)  -> (artifact id: '8ca4482138a2a811f00290b1183cd368') in 0.042386 seconds 
  Import took 0.048033 seconds .

========================================================================
Received Import Request.
  Time since last request: 0.000249 seconds.
  path: Assets/Scenes/Block.prefab
  artifactKey: Guid(702a36b5ea855d34eb0b0164aa640d32) Importer(815301076,1909f56bfc062723c751e8b465ee728b)
Start importing Assets/Scenes/Block.prefab using Guid(702a36b5ea855d34eb0b0164aa640d32) Importer(815301076,1909f56bfc062723c751e8b465ee728b)  -> (artifact id: 'ebabfcbe06cf0d7e996c1e5d9115c85c') in 0.016218 seconds 
  Import took 0.024401 seconds .

========================================================================
Received Import Request.
  Time since last request: 0.000220 seconds.
  path: Assets/Scenes/SoundEvent.prefab
  artifactKey: Guid(1b4ef2819640a4b4492a01fd1e3c33c8) Importer(815301076,1909f56bfc062723c751e8b465ee728b)
Start importing Assets/Scenes/SoundEvent.prefab using Guid(1b4ef2819640a4b4492a01fd1e3c33c8) Importer(815301076,1909f56bfc062723c751e8b465ee728b)  -> (artifact id: 'bd938e73d72967661b04ddc49200341a') in 0.011946 seconds 
  Import took 0.018119 seconds .

========================================================================
Received Import Request.
  Time since last request: 0.000226 seconds.
  path: Assets/Scenes/2nd Stairs Left Room.prefab
  artifactKey: Guid(0f5111bb46e6c304c95041b426b8024a) Importer(815301076,1909f56bfc062723c751e8b465ee728b)
Start importing Assets/Scenes/2nd Stairs Left Room.prefab using Guid(0f5111bb46e6c304c95041b426b8024a) Importer(815301076,1909f56bfc062723c751e8b465ee728b)  -> (artifact id: 'cc5dd4391221eff3663fdea9c70fcf3d') in 0.979476 seconds 
  Import took 1.001101 seconds .

========================================================================
Received Import Request.
  Time since last request: 0.000244 seconds.
  path: Assets/Scenes/Boxs.prefab
  artifactKey: Guid(c2c41446ea7df994eb70f30a21380c69) Importer(815301076,1909f56bfc062723c751e8b465ee728b)
Start importing Assets/Scenes/Boxs.prefab using Guid(c2c41446ea7df994eb70f30a21380c69) Importer(815301076,1909f56bfc062723c751e8b465ee728b)  -> (artifact id: '21d35428b3130a8199aa79de792bd540') in 0.019929 seconds 
  Import took 0.024547 seconds .

========================================================================
Received Import Request.
  Time since last request: 0.000248 seconds.
  path: Assets/Scenes/Canvas.prefab
  artifactKey: Guid(2a6ffd1b81ad5aa48847b497bd9aac86) Importer(815301076,1909f56bfc062723c751e8b465ee728b)
Start importing Assets/Scenes/Canvas.prefab using Guid(2a6ffd1b81ad5aa48847b497bd9aac86) Importer(815301076,1909f56bfc062723c751e8b465ee728b)  -> (artifact id: '53330d996f63d244e15d5a69fe0cfe51') in 0.035163 seconds 
  Import took 0.039830 seconds .

========================================================================
Received Import Request.
  Time since last request: 0.000260 seconds.
  path: Assets/Scenes/Box.prefab
  artifactKey: Guid(3f89f00365212db4991d0151bde20102) Importer(815301076,1909f56bfc062723c751e8b465ee728b)
Start importing Assets/Scenes/Box.prefab using Guid(3f89f00365212db4991d0151bde20102) Importer(815301076,1909f56bfc062723c751e8b465ee728b)  -> (artifact id: '4f432c078fe7106dbb0004e876c7af5c') in 0.019511 seconds 
  Import took 0.024834 seconds .

========================================================================
Received Import Request.
  Time since last request: 0.000219 seconds.
  path: Assets/Scenes/Flashlight.prefab
  artifactKey: Guid(8c6c2b44ad78fd540ad19a01fef68db4) Importer(815301076,1909f56bfc062723c751e8b465ee728b)
Start importing Assets/Scenes/Flashlight.prefab using Guid(8c6c2b44ad78fd540ad19a01fef68db4) Importer(815301076,1909f56bfc062723c751e8b465ee728b)  -> (artifact id: 'd3bfb998c5869a9e93827dae2b10561e') in 0.151822 seconds 
  Import took 0.156001 seconds .

========================================================================
Received Import Request.
  Time since last request: 0.000267 seconds.
  path: Assets/Scenes/EventScene2Changer.prefab
  artifactKey: Guid(8d6ad0348e1bea145b80b93257b7d006) Importer(815301076,1909f56bfc062723c751e8b465ee728b)
Start importing Assets/Scenes/EventScene2Changer.prefab using Guid(8d6ad0348e1bea145b80b93257b7d006) Importer(815301076,1909f56bfc062723c751e8b465ee728b)  -> (artifact id: '36ce45b17dc1a01215d4463cda320a3b') in 0.020707 seconds 
  Import took 0.026617 seconds .

========================================================================
Received Import Request.
  Time since last request: 0.000375 seconds.
  path: Assets/Scenes/1stFloor_Left.prefab
  artifactKey: Guid(95fdc7b1ad162774ba004917f9de3aca) Importer(815301076,1909f56bfc062723c751e8b465ee728b)
Start importing Assets/Scenes/1stFloor_Left.prefab using Guid(95fdc7b1ad162774ba004917f9de3aca) Importer(815301076,1909f56bfc062723c751e8b465ee728b)  -> (artifact id: 'd046cc2519c79f257d4d9adc8281a7c4') in 0.240379 seconds 
  Import took 0.249946 seconds .

========================================================================
Received Import Request.
  Time since last request: 1217.707353 seconds.
  path: Assets/0b37ca973c31f23cf3e58137ce18c0668ba08220a176f480e7c66fa628a5724a4c90385043fe463af2acbcadedc3f58382a56164be6a1403b25572e6b50fda6345e94592db9bb9d1cac5cefc03604a06.gif
  artifactKey: Guid(db9e7a377a56dce4bb98806f0dc0fc71) Importer(815301076,1909f56bfc062723c751e8b465ee728b)
Start importing Assets/0b37ca973c31f23cf3e58137ce18c0668ba08220a176f480e7c66fa628a5724a4c90385043fe463af2acbcadedc3f58382a56164be6a1403b25572e6b50fda6345e94592db9bb9d1cac5cefc03604a06.gif using Guid(db9e7a377a56dce4bb98806f0dc0fc71) Importer(815301076,1909f56bfc062723c751e8b465ee728b)  -> (artifact id: 'f6fb5751a34559b5b538f34e6ed30c12') in 0.140675 seconds 
  Import took 0.146181 seconds .

========================================================================
Received Import Request.
  Time since last request: 0.000383 seconds.
  path: Assets/New Material 1.mat
  artifactKey: Guid(3e658b12ac83fec41a254b5141d1bdbb) Importer(815301076,1909f56bfc062723c751e8b465ee728b)
Start importing Assets/New Material 1.mat using Guid(3e658b12ac83fec41a254b5141d1bdbb) Importer(815301076,1909f56bfc062723c751e8b465ee728b)  -> (artifact id: 'caec891a20b992b33cba61faa269497c') in 0.206582 seconds 
  Import took 0.213911 seconds .

========================================================================
Received Import Request.
  Time since last request: 0.000387 seconds.
  path: Assets/Awakening.mp3
  artifactKey: Guid(0e1afb1135a4f574f800b644d842d11c) Importer(815301076,1909f56bfc062723c751e8b465ee728b)
Start importing Assets/Awakening.mp3 using Guid(0e1afb1135a4f574f800b644d842d11c) Importer(815301076,1909f56bfc062723c751e8b465ee728b)  -> (artifact id: '4ea4ef6a3f93d2ec1cbbe78cc77f6a78') in 0.079999 seconds 
  Import took 0.085584 seconds .

========================================================================
Received Import Request.
  Time since last request: 0.000729 seconds.
  path: Assets/Slender.prefab
  artifactKey: Guid(0fab4f6f582964a4faa64a6fd9b170a0) Importer(815301076,1909f56bfc062723c751e8b465ee728b)
Start importing Assets/Slender.prefab using Guid(0fab4f6f582964a4faa64a6fd9b170a0) Importer(815301076,1909f56bfc062723c751e8b465ee728b) Asset 'Slender': Transition 'Attack -> Idle' in state 'Attack' doesn't have an Exit Time or any condition, transition will be ignored
UnityEngine.StackTraceUtility:ExtractStackTrace ()
UnityEditor.EditorUtility:Internal_InstantiateRemoveAllNonAnimationComponentsSingle (UnityEngine.Object,UnityEngine.Vector3,UnityEngine.Quaternion)
UnityEditor.EditorUtility:InstantiateRemoveAllNonAnimationComponents (UnityEngine.Object,UnityEngine.Vector3,UnityEngine.Quaternion)
UnityEditor.EditorUtility:InstantiateForAnimatorPreview (UnityEngine.Object)
UnityEditor.GameObjectInspector/PreviewData:UpdateGameObject (UnityEngine.Object)
UnityEditor.GameObjectInspector/PreviewData:.ctor (UnityEngine.Object)
UnityEditor.GameObjectInspector:GetPreviewData ()
UnityEditor.GameObjectInspector:RenderStaticPreview (string,UnityEngine.Object[],int,int)
UnityEditor.AssetPreviewUpdater:CreatePreviewForAsset (UnityEngine.Object,UnityEngine.Object[],string)

[C:\buildslave\unity\build\Editor/Src/Animation/StateMachine.cpp line 1847]

 -> (artifact id: '1efa5c9867bd90a56c5165d6d9182f29') in 0.410754 seconds 
  Import took 0.418599 seconds .

========================================================================
Received Import Request.
  Time since last request: 0.000266 seconds.
  path: Assets/New Material.mat
  artifactKey: Guid(135102086af7abe4eabdf15044feeb2b) Importer(815301076,1909f56bfc062723c751e8b465ee728b)
Start importing Assets/New Material.mat using Guid(135102086af7abe4eabdf15044feeb2b) Importer(815301076,1909f56bfc062723c751e8b465ee728b)  -> (artifact id: '4b4d7b88a5254112acda143a3d955e9f') in 0.079936 seconds 
  Import took 0.087935 seconds .

========================================================================
Received Prepare
Registering precompiled user dll's ...
Registered in 0.018584 seconds.
Begin MonoManager ReloadAssembly
Native extension for WindowsStandalone target not found
Refreshing native plugins compatible for Editor in 0.86 ms, found 5 plugins.
Preloading 1 native plugins for Editor in 0.22 ms.
Mono: successfully reloaded assembly
- Completed reload, in  1.170 seconds
Domain Reload Profiling:
	ReloadAssembly (1172ms)
		BeginReloadAssembly (181ms)
			ExecutionOrderSort (0ms)
			DisableScriptedObjects (4ms)
			BackupInstance (0ms)
			ReleaseScriptingObjects (0ms)
			CreateAndSetChildDomain (39ms)
		EndReloadAssembly (928ms)
			LoadAssemblies (172ms)
			RebuildTransferFunctionScriptingTraits (0ms)
			SetupTypeCache (316ms)
			ReleaseScriptCaches (1ms)
			RebuildScriptCaches (39ms)
			SetupLoadedEditorAssemblies (328ms)
				LogAssemblyErrors (0ms)
				InitializePlatformSupportModulesInManaged (4ms)
				SetLoadedEditorAssemblies (1ms)
				RefreshPlugins (1ms)
				BeforeProcessingInitializeOnLoad (112ms)
				ProcessInitializeOnLoadAttributes (197ms)
				ProcessInitializeOnLoadMethodAttributes (9ms)
				AfterProcessingInitializeOnLoad (3ms)
				EditorAssembliesLoaded (0ms)
			ExecutionOrderSort2 (0ms)
			AwakeInstancesAfterBackupRestoration (6ms)
Platform modules already initialized, skipping
Shader 'Oculus/OVRMRCameraFrameLit': fallback shader 'Alpha-Diffuse' not found
Refreshing native plugins compatible for Editor in 0.92 ms, found 5 plugins.
Preloading 1 native plugins for Editor in 0.24 ms.
Unloading 2269 Unused Serialized files (Serialized files now loaded: 0)
System memory in use before: 128.4 MB.
System memory in use after: 128.6 MB.

Unloading 41 unused Assets to reduce memory usage. Loaded Objects now: 2879.
Total: 2.868200 ms (FindLiveObjects: 0.240200 ms CreateObjectMapping: 0.120900 ms MarkObjects: 2.473600 ms  DeleteObjects: 0.032300 ms)

AssetImportParameters requested are different than current active one (requested -> active):
  custom:framework-win-MediaFoundation: 216162199b28c13a410421893ffa2e32 -> 
  custom:video-decoder-ogg-theora: a1e56fd34408186e4bbccfd4996cb3dc -> 
  custom:container-muxer-webm: aa71ff27fc2769a1b78a27578f13a17b -> 
  custom:container-demuxer-webm: 4f35f7cbe854078d1ac9338744f61a02 -> 
  custom:container-demuxer-ogg: 62fdf1f143b41e24485cea50d1cbac27 -> 
  custom:video-encoder-webm-vp8: eb34c28f22e8b96e1ab97ce403110664 -> 
  custom:video-decoder-webm-vp8: 9c59270c3fd7afecdb556c50c9e8de78 -> 
  custom:audio-decoder-ogg-vorbis: bf7c407c2cedff20999df2af8eb42d56 -> 
  custom:audio-encoder-webm-vorbis: bf7c407c2cedff20999df2af8eb42d56 -> 
========================================================================
Received Import Request.
  Time since last request: 167.638263 seconds.
  path: Assets/Scripts/Han/SceneScripts/SceneFadeInOut.cs
  artifactKey: Guid(1907faf1e307a814ea230b427e4860fa) Importer(815301076,1909f56bfc062723c751e8b465ee728b)
Start importing Assets/Scripts/Han/SceneScripts/SceneFadeInOut.cs using Guid(1907faf1e307a814ea230b427e4860fa) Importer(815301076,1909f56bfc062723c751e8b465ee728b)  -> (artifact id: 'e2d5f5490418142c66fccbeb5276d725') in 0.018230 seconds 
  Import took 0.022432 seconds .

========================================================================
Received Import Request.
  Time since last request: 2.564816 seconds.
  path: Assets/Scripts/Han/SceneScripts/GameTextManager.cs
  artifactKey: Guid(f5e880e39d6d13e45b8166d2184cc378) Importer(815301076,1909f56bfc062723c751e8b465ee728b)
Start importing Assets/Scripts/Han/SceneScripts/GameTextManager.cs using Guid(f5e880e39d6d13e45b8166d2184cc378) Importer(815301076,1909f56bfc062723c751e8b465ee728b)  -> (artifact id: '9c49e15daa639bbe16b040e320dd6efc') in 0.007091 seconds 
  Import took 0.011685 seconds .

========================================================================
Received Import Request.
  Time since last request: 9.219380 seconds.
  path: Assets/Scripts/Han/KeypadNum.cs
  artifactKey: Guid(98e2f051f11616d43a7a256332c82a7d) Importer(815301076,1909f56bfc062723c751e8b465ee728b)
Start importing Assets/Scripts/Han/KeypadNum.cs using Guid(98e2f051f11616d43a7a256332c82a7d) Importer(815301076,1909f56bfc062723c751e8b465ee728b)  -> (artifact id: 'd42d6569fba687ea5eb1bc6390569f20') in 0.006124 seconds 
  Import took 0.010823 seconds .

========================================================================
Received Import Request.
  Time since last request: 0.432328 seconds.
  path: Assets/Scripts/Han/LockNums.cs
  artifactKey: Guid(deb81614baaecf94182dcdc31f2a8b59) Importer(815301076,1909f56bfc062723c751e8b465ee728b)
Start importing Assets/Scripts/Han/LockNums.cs using Guid(deb81614baaecf94182dcdc31f2a8b59) Importer(815301076,1909f56bfc062723c751e8b465ee728b)  -> (artifact id: '032efc796d17baff66e414cd0f5e0d17') in 0.006085 seconds 
  Import took 0.011432 seconds .

========================================================================
Received Import Request.
  Time since last request: 0.519193 seconds.
  path: Assets/Scripts/Han/MoveableObjects.cs
  artifactKey: Guid(4b5196b3d11c60741b23f60237543528) Importer(815301076,1909f56bfc062723c751e8b465ee728b)
Start importing Assets/Scripts/Han/MoveableObjects.cs using Guid(4b5196b3d11c60741b23f60237543528) Importer(815301076,1909f56bfc062723c751e8b465ee728b)  -> (artifact id: '92e54a70b17f1c1e7409c80679f0893c') in 0.006222 seconds 
  Import took 0.010649 seconds .

========================================================================
Received Import Request.
  Time since last request: 0.723703 seconds.
  path: Assets/Scripts/Han/ObjectMoveControll.cs
  artifactKey: Guid(49dda923702a7ba4e8c3ca97e948769a) Importer(815301076,1909f56bfc062723c751e8b465ee728b)
Start importing Assets/Scripts/Han/ObjectMoveControll.cs using Guid(49dda923702a7ba4e8c3ca97e948769a) Importer(815301076,1909f56bfc062723c751e8b465ee728b)  -> (artifact id: 'acf895613d69f300d0e89be382c5ead2') in 0.007904 seconds 
  Import took 0.012105 seconds .

========================================================================
Received Import Request.
  Time since last request: 0.646399 seconds.
  path: Assets/Scripts/Han/PantryKeypadController.cs
  artifactKey: Guid(e300b41108127c64bb8dcf8b82a3e485) Importer(815301076,1909f56bfc062723c751e8b465ee728b)
Start importing Assets/Scripts/Han/PantryKeypadController.cs using Guid(e300b41108127c64bb8dcf8b82a3e485) Importer(815301076,1909f56bfc062723c751e8b465ee728b)  -> (artifact id: '682f6d24692f4d52394f0a37d42abb94') in 0.006050 seconds 
  Import took 0.010429 seconds .

========================================================================
Received Import Request.
  Time since last request: 0.158094 seconds.
  path: Assets/Scripts/Han/SecondDoorKeypadController.cs
  artifactKey: Guid(42e060be15ad4354ab89a73cec920f0d) Importer(815301076,1909f56bfc062723c751e8b465ee728b)
Start importing Assets/Scripts/Han/SecondDoorKeypadController.cs using Guid(42e060be15ad4354ab89a73cec920f0d) Importer(815301076,1909f56bfc062723c751e8b465ee728b)  -> (artifact id: 'f6287bbbb1ea09993536537a1c65b3cd') in 0.009950 seconds 
  Import took 0.016312 seconds .

========================================================================
Received Import Request.
  Time since last request: 0.204329 seconds.
  path: Assets/Scripts/Han/SecondDoorShowPasswordController.cs
  artifactKey: Guid(05c2c2cebda0be5479d56337caa850f5) Importer(815301076,1909f56bfc062723c751e8b465ee728b)
Start importing Assets/Scripts/Han/SecondDoorShowPasswordController.cs using Guid(05c2c2cebda0be5479d56337caa850f5) Importer(815301076,1909f56bfc062723c751e8b465ee728b)  -> (artifact id: '41cbd96c86eabf4fcff09f676cf773ad') in 0.007429 seconds 
  Import took 0.011768 seconds .

========================================================================
Received Import Request.
  Time since last request: 0.958669 seconds.
  path: Assets/Scripts/Han/SecondLeftRoomLockController.cs
  artifactKey: Guid(b44015a43cc5161429fe2fd1cf7a3e09) Importer(815301076,1909f56bfc062723c751e8b465ee728b)
Start importing Assets/Scripts/Han/SecondLeftRoomLockController.cs using Guid(b44015a43cc5161429fe2fd1cf7a3e09) Importer(815301076,1909f56bfc062723c751e8b465ee728b)  -> (artifact id: '901205a2c559276657f14d1e94d638d0') in 0.006050 seconds 
  Import took 0.010629 seconds .

========================================================================
Received Import Request.
  Time since last request: 0.472691 seconds.
  path: Assets/Scripts/Han/SecondRightRoomLockController.cs
  artifactKey: Guid(3139b90251cecc1418b53ed07f4c6c0d) Importer(815301076,1909f56bfc062723c751e8b465ee728b)
Start importing Assets/Scripts/Han/SecondRightRoomLockController.cs using Guid(3139b90251cecc1418b53ed07f4c6c0d) Importer(815301076,1909f56bfc062723c751e8b465ee728b)  -> (artifact id: 'fee195c2c1d662aa7ffc8f5e9a980fab') in 0.006409 seconds 
  Import took 0.010646 seconds .

========================================================================
Received Import Request.
  Time since last request: 1.096769 seconds.
  path: Assets/Scripts/Han/UseSkillController.cs
  artifactKey: Guid(a0bb5cffe7b912a458736bbcbee94eef) Importer(815301076,1909f56bfc062723c751e8b465ee728b)
Start importing Assets/Scripts/Han/UseSkillController.cs using Guid(a0bb5cffe7b912a458736bbcbee94eef) Importer(815301076,1909f56bfc062723c751e8b465ee728b)  -> (artifact id: '115a633153ddd0be8fe90dfba23df562') in 0.006944 seconds 
  Import took 0.011268 seconds .

========================================================================
Received Import Request.
  Time since last request: 0.449836 seconds.
  path: Assets/Scripts/Han/FirstStairsSceneLoad.cs
  artifactKey: Guid(a0e6d4535489a654a806332f6340b5a4) Importer(815301076,1909f56bfc062723c751e8b465ee728b)
Start importing Assets/Scripts/Han/FirstStairsSceneLoad.cs using Guid(a0e6d4535489a654a806332f6340b5a4) Importer(815301076,1909f56bfc062723c751e8b465ee728b)  -> (artifact id: 'f657f1dcf0a49788996cab24d290233e') in 0.005521 seconds 
  Import took 0.009577 seconds .

========================================================================
Received Import Request.
  Time since last request: 0.317589 seconds.
  path: Assets/Scripts/Han/GetKey.cs
  artifactKey: Guid(2ef059cd0a5fd4e4eb5b63153c49cb93) Importer(815301076,1909f56bfc062723c751e8b465ee728b)
Start importing Assets/Scripts/Han/GetKey.cs using Guid(2ef059cd0a5fd4e4eb5b63153c49cb93) Importer(815301076,1909f56bfc062723c751e8b465ee728b)  -> (artifact id: 'ca2d33b6707b78d2746d9736109516b6') in 0.006140 seconds 
  Import took 0.010181 seconds .

========================================================================
Received Import Request.
  Time since last request: 0.261937 seconds.
  path: Assets/Scripts/Han/KeypadClear.cs
  artifactKey: Guid(f65d9f99f1609b64dbf155c33d2cffc3) Importer(815301076,1909f56bfc062723c751e8b465ee728b)
Start importing Assets/Scripts/Han/KeypadClear.cs using Guid(f65d9f99f1609b64dbf155c33d2cffc3) Importer(815301076,1909f56bfc062723c751e8b465ee728b)  -> (artifact id: '721dfea2d35e94479d82e543b59d648d') in 0.005820 seconds 
  Import took 0.010861 seconds .

========================================================================
Received Import Request.
  Time since last request: 0.222639 seconds.
  path: Assets/Scripts/Han/KeypadClearController.cs
  artifactKey: Guid(1079565a819e42b47b9140a1f62e5067) Importer(815301076,1909f56bfc062723c751e8b465ee728b)
Start importing Assets/Scripts/Han/KeypadClearController.cs using Guid(1079565a819e42b47b9140a1f62e5067) Importer(815301076,1909f56bfc062723c751e8b465ee728b)  -> (artifact id: 'bfca74a47f096010c1f7567fac45ebdf') in 0.005985 seconds 
  Import took 0.010786 seconds .

========================================================================
Received Import Request.
  Time since last request: 0.375865 seconds.
  path: Assets/Scripts/Han/KeypadInputController.cs
  artifactKey: Guid(c3ef764c4394b9546910021320377237) Importer(815301076,1909f56bfc062723c751e8b465ee728b)
Start importing Assets/Scripts/Han/KeypadInputController.cs using Guid(c3ef764c4394b9546910021320377237) Importer(815301076,1909f56bfc062723c751e8b465ee728b)  -> (artifact id: 'e5ab1f016fbc7a6ddf7ad7ffa5cc5b92') in 0.008439 seconds 
  Import took 0.013123 seconds .

========================================================================
Received Import Request.
  Time since last request: 0.979834 seconds.
  path: Assets/Scripts/Han/FirstStairsSceneChangeController.cs
  artifactKey: Guid(f85e080082516a64bbdafe229ae2dce3) Importer(815301076,1909f56bfc062723c751e8b465ee728b)
Start importing Assets/Scripts/Han/FirstStairsSceneChangeController.cs using Guid(f85e080082516a64bbdafe229ae2dce3) Importer(815301076,1909f56bfc062723c751e8b465ee728b)  -> (artifact id: 'c8f79607ebd17da9b88791c28928f9b7') in 0.008269 seconds 
  Import took 0.013535 seconds .

========================================================================
Received Import Request.
  Time since last request: 0.031310 seconds.
  path: Assets/Scripts/Han/FirstRightLockedDoorController.cs
  artifactKey: Guid(75361edd59bd3514a80177c7b8b7979b) Importer(815301076,1909f56bfc062723c751e8b465ee728b)
Start importing Assets/Scripts/Han/FirstRightLockedDoorController.cs using Guid(75361edd59bd3514a80177c7b8b7979b) Importer(815301076,1909f56bfc062723c751e8b465ee728b)  -> (artifact id: '8bae20f54747ac19fe96c0c713f3926a') in 0.007435 seconds 
  Import took 0.013502 seconds .

========================================================================
Received Import Request.
  Time since last request: 0.026530 seconds.
  path: Assets/Scripts/Han/FirstLeftLockedDoorController.cs
  artifactKey: Guid(cfe6415e82a50034ebe29d4124e222eb) Importer(815301076,1909f56bfc062723c751e8b465ee728b)
Start importing Assets/Scripts/Han/FirstLeftLockedDoorController.cs using Guid(cfe6415e82a50034ebe29d4124e222eb) Importer(815301076,1909f56bfc062723c751e8b465ee728b)  -> (artifact id: 'be3f4b865bd8267d0f0f13a3931daedb') in 0.009918 seconds 
  Import took 0.014203 seconds .

========================================================================
Received Import Request.
  Time since last request: 0.006942 seconds.
  path: Assets/Scripts/Han/DoorObjectControllers.cs
  artifactKey: Guid(3bcc78e657030e94fa7de3041f10f8f0) Importer(815301076,1909f56bfc062723c751e8b465ee728b)
Start importing Assets/Scripts/Han/DoorObjectControllers.cs using Guid(3bcc78e657030e94fa7de3041f10f8f0) Importer(815301076,1909f56bfc062723c751e8b465ee728b)  -> (artifact id: '2d6adf450b372e34d7d9b80f13c75820') in 0.010764 seconds 
  Import took 0.016569 seconds .

========================================================================
Received Import Request.
  Time since last request: 0.011541 seconds.
  path: Assets/Scripts/Han/ChestDrawCheckController.cs
  artifactKey: Guid(53cd9c532b7f62247ace843498ffa150) Importer(815301076,1909f56bfc062723c751e8b465ee728b)
Start importing Assets/Scripts/Han/ChestDrawCheckController.cs using Guid(53cd9c532b7f62247ace843498ffa150) Importer(815301076,1909f56bfc062723c751e8b465ee728b)  -> (artifact id: 'a2050df182c915b9b26a1e630acf1f74') in 0.005261 seconds 
  Import took 0.009611 seconds .

========================================================================
Received Import Request.
  Time since last request: 0.036443 seconds.
  path: Assets/Scripts/Han/AudioSoundEvent.cs
  artifactKey: Guid(e9db4383b0748144ea53f7dcecae4bf0) Importer(815301076,1909f56bfc062723c751e8b465ee728b)
Start importing Assets/Scripts/Han/AudioSoundEvent.cs using Guid(e9db4383b0748144ea53f7dcecae4bf0) Importer(815301076,1909f56bfc062723c751e8b465ee728b)  -> (artifact id: '448aaf461895dba9e72e509cab3acb03') in 0.006775 seconds 
  Import took 0.013335 seconds .

========================================================================
Received Import Request.
  Time since last request: 0.022429 seconds.
  path: Assets/Scripts/Han/AnimObjectController.cs
  artifactKey: Guid(3174ace299f2b4c80baf44a6283329cf) Importer(815301076,1909f56bfc062723c751e8b465ee728b)
Start importing Assets/Scripts/Han/AnimObjectController.cs using Guid(3174ace299f2b4c80baf44a6283329cf) Importer(815301076,1909f56bfc062723c751e8b465ee728b)  -> (artifact id: '6f228f27d390f8b1ff315421636a895b') in 0.006854 seconds 
  Import took 0.013882 seconds .

========================================================================
Received Import Request.
  Time since last request: 0.008738 seconds.
  path: Assets/Scripts/Han/AnimableObject.cs
  artifactKey: Guid(e617ac95c55644f938929ee87c74b211) Importer(815301076,1909f56bfc062723c751e8b465ee728b)
Start importing Assets/Scripts/Han/AnimableObject.cs using Guid(e617ac95c55644f938929ee87c74b211) Importer(815301076,1909f56bfc062723c751e8b465ee728b)  -> (artifact id: 'a02a27a37006f4c94094f00be02323ed') in 0.010629 seconds 
  Import took 0.016483 seconds .

========================================================================
Received Import Request.
  Time since last request: 0.023536 seconds.
  path: Assets/Scripts/Han/SceneScripts
  artifactKey: Guid(13bef54bfb7b7654cb4e33957e26d6f2) Importer(815301076,1909f56bfc062723c751e8b465ee728b)
Start importing Assets/Scripts/Han/SceneScripts using Guid(13bef54bfb7b7654cb4e33957e26d6f2) Importer(815301076,1909f56bfc062723c751e8b465ee728b)  -> (artifact id: '9fab1410148417dd58722e3273920cf3') in 0.012589 seconds 
  Import took 0.019323 seconds .

========================================================================
Received Import Request.
  Time since last request: 21.486721 seconds.
  path: Assets/Scripts/Han/SceneScripts/GameSceneManager.cs
  artifactKey: Guid(eecbc1237aa6e2e4bbf429f4abddb8ce) Importer(815301076,1909f56bfc062723c751e8b465ee728b)
Start importing Assets/Scripts/Han/SceneScripts/GameSceneManager.cs using Guid(eecbc1237aa6e2e4bbf429f4abddb8ce) Importer(815301076,1909f56bfc062723c751e8b465ee728b)  -> (artifact id: '93d27860b01a883287bb8aa5cb1aab72') in 0.007285 seconds 
  Import took 0.012482 seconds .

========================================================================
Received Import Request.
  Time since last request: 0.398857 seconds.
  path: Assets/Scripts/Han/SceneScripts/FirstEventSceneLoad.cs
  artifactKey: Guid(5d4938a3ed3bf01408597427fc30ab74) Importer(815301076,1909f56bfc062723c751e8b465ee728b)
Start importing Assets/Scripts/Han/SceneScripts/FirstEventSceneLoad.cs using Guid(5d4938a3ed3bf01408597427fc30ab74) Importer(815301076,1909f56bfc062723c751e8b465ee728b)  -> (artifact id: '10267066f774dd9f6c1bd5f7a3ef16e6') in 0.006123 seconds 
  Import took 0.010318 seconds .

========================================================================
Received Import Request.
  Time since last request: 108.176362 seconds.
  path: Assets/Scripts/Han/SceneScripts/SceneFadeInOut.cs
  artifactKey: Guid(1907faf1e307a814ea230b427e4860fa) Importer(815301076,1909f56bfc062723c751e8b465ee728b)
Start importing Assets/Scripts/Han/SceneScripts/SceneFadeInOut.cs using Guid(1907faf1e307a814ea230b427e4860fa) Importer(815301076,1909f56bfc062723c751e8b465ee728b)  -> (artifact id: 'f8280e174b28817ec5e3b5f237014f75') in 0.005872 seconds 
  Import took 0.011789 seconds .

========================================================================
Received Prepare
Registering precompiled user dll's ...
Registered in 0.020159 seconds.
Begin MonoManager ReloadAssembly
Native extension for WindowsStandalone target not found
Refreshing native plugins compatible for Editor in 0.92 ms, found 5 plugins.
Preloading 1 native plugins for Editor in 0.28 ms.
Mono: successfully reloaded assembly
- Completed reload, in  1.129 seconds
Domain Reload Profiling:
	ReloadAssembly (1130ms)
		BeginReloadAssembly (153ms)
			ExecutionOrderSort (0ms)
			DisableScriptedObjects (4ms)
			BackupInstance (0ms)
			ReleaseScriptingObjects (0ms)
			CreateAndSetChildDomain (38ms)
		EndReloadAssembly (911ms)
			LoadAssemblies (163ms)
			RebuildTransferFunctionScriptingTraits (0ms)
			SetupTypeCache (310ms)
			ReleaseScriptCaches (1ms)
			RebuildScriptCaches (40ms)
			SetupLoadedEditorAssemblies (323ms)
				LogAssemblyErrors (0ms)
				InitializePlatformSupportModulesInManaged (4ms)
				SetLoadedEditorAssemblies (0ms)
				RefreshPlugins (1ms)
				BeforeProcessingInitializeOnLoad (104ms)
				ProcessInitializeOnLoadAttributes (201ms)
				ProcessInitializeOnLoadMethodAttributes (9ms)
				AfterProcessingInitializeOnLoad (3ms)
				EditorAssembliesLoaded (0ms)
			ExecutionOrderSort2 (0ms)
			AwakeInstancesAfterBackupRestoration (7ms)
Platform modules already initialized, skipping
Shader 'Oculus/OVRMRCameraFrameLit': fallback shader 'Alpha-Diffuse' not found
Refreshing native plugins compatible for Editor in 0.88 ms, found 5 plugins.
Preloading 1 native plugins for Editor in 0.18 ms.
Unloading 2269 Unused Serialized files (Serialized files now loaded: 0)
System memory in use before: 128.4 MB.
System memory in use after: 128.6 MB.

Unloading 39 unused Assets to reduce memory usage. Loaded Objects now: 2881.
Total: 2.804600 ms (FindLiveObjects: 0.233400 ms CreateObjectMapping: 0.098900 ms MarkObjects: 2.447700 ms  DeleteObjects: 0.023800 ms)

AssetImportParameters requested are different than current active one (requested -> active):
  custom:framework-win-MediaFoundation: 216162199b28c13a410421893ffa2e32 -> 
  custom:video-decoder-ogg-theora: a1e56fd34408186e4bbccfd4996cb3dc -> 
  custom:container-muxer-webm: aa71ff27fc2769a1b78a27578f13a17b -> 
  custom:container-demuxer-webm: 4f35f7cbe854078d1ac9338744f61a02 -> 
  custom:container-demuxer-ogg: 62fdf1f143b41e24485cea50d1cbac27 -> 
  custom:video-encoder-webm-vp8: eb34c28f22e8b96e1ab97ce403110664 -> 
  custom:video-decoder-webm-vp8: 9c59270c3fd7afecdb556c50c9e8de78 -> 
  custom:audio-decoder-ogg-vorbis: bf7c407c2cedff20999df2af8eb42d56 -> 
  custom:audio-encoder-webm-vorbis: bf7c407c2cedff20999df2af8eb42d56 -> 
========================================================================
Received Prepare
Registering precompiled user dll's ...
Registered in 0.030221 seconds.
Begin MonoManager ReloadAssembly
Native extension for WindowsStandalone target not found
Refreshing native plugins compatible for Editor in 0.90 ms, found 5 plugins.
Preloading 1 native plugins for Editor in 0.27 ms.
Mono: successfully reloaded assembly
- Completed reload, in  1.212 seconds
Domain Reload Profiling:
	ReloadAssembly (1213ms)
		BeginReloadAssembly (169ms)
			ExecutionOrderSort (0ms)
			DisableScriptedObjects (4ms)
			BackupInstance (0ms)
			ReleaseScriptingObjects (0ms)
			CreateAndSetChildDomain (32ms)
		EndReloadAssembly (962ms)
			LoadAssemblies (214ms)
			RebuildTransferFunctionScriptingTraits (0ms)
			SetupTypeCache (314ms)
			ReleaseScriptCaches (1ms)
			RebuildScriptCaches (41ms)
			SetupLoadedEditorAssemblies (321ms)
				LogAssemblyErrors (0ms)
				InitializePlatformSupportModulesInManaged (4ms)
				SetLoadedEditorAssemblies (1ms)
				RefreshPlugins (1ms)
				BeforeProcessingInitializeOnLoad (102ms)
				ProcessInitializeOnLoadAttributes (198ms)
				ProcessInitializeOnLoadMethodAttributes (12ms)
				AfterProcessingInitializeOnLoad (3ms)
				EditorAssembliesLoaded (0ms)
			ExecutionOrderSort2 (0ms)
			AwakeInstancesAfterBackupRestoration (7ms)
Platform modules already initialized, skipping
Shader 'Oculus/OVRMRCameraFrameLit': fallback shader 'Alpha-Diffuse' not found
Refreshing native plugins compatible for Editor in 0.89 ms, found 5 plugins.
Preloading 1 native plugins for Editor in 0.22 ms.
Unloading 2269 Unused Serialized files (Serialized files now loaded: 0)
System memory in use before: 128.4 MB.
System memory in use after: 128.6 MB.

Unloading 39 unused Assets to reduce memory usage. Loaded Objects now: 2883.
Total: 3.231100 ms (FindLiveObjects: 0.486800 ms CreateObjectMapping: 0.207000 ms MarkObjects: 2.508700 ms  DeleteObjects: 0.027600 ms)

AssetImportParameters requested are different than current active one (requested -> active):
  custom:framework-win-MediaFoundation: 216162199b28c13a410421893ffa2e32 -> 
  custom:video-decoder-ogg-theora: a1e56fd34408186e4bbccfd4996cb3dc -> 
  custom:container-muxer-webm: aa71ff27fc2769a1b78a27578f13a17b -> 
  custom:container-demuxer-webm: 4f35f7cbe854078d1ac9338744f61a02 -> 
  custom:container-demuxer-ogg: 62fdf1f143b41e24485cea50d1cbac27 -> 
  custom:video-encoder-webm-vp8: eb34c28f22e8b96e1ab97ce403110664 -> 
  custom:video-decoder-webm-vp8: 9c59270c3fd7afecdb556c50c9e8de78 -> 
  custom:audio-decoder-ogg-vorbis: bf7c407c2cedff20999df2af8eb42d56 -> 
  custom:audio-encoder-webm-vorbis: bf7c407c2cedff20999df2af8eb42d56 -> 
========================================================================
Received Prepare
Registering precompiled user dll's ...
Registered in 0.021759 seconds.
Begin MonoManager ReloadAssembly
Native extension for WindowsStandalone target not found
Refreshing native plugins compatible for Editor in 1.31 ms, found 5 plugins.
Preloading 1 native plugins for Editor in 0.28 ms.
Mono: successfully reloaded assembly
- Completed reload, in  1.948 seconds
Domain Reload Profiling:
	ReloadAssembly (1954ms)
		BeginReloadAssembly (492ms)
			ExecutionOrderSort (0ms)
			DisableScriptedObjects (6ms)
			BackupInstance (0ms)
			ReleaseScriptingObjects (0ms)
			CreateAndSetChildDomain (37ms)
		EndReloadAssembly (1359ms)
			LoadAssemblies (495ms)
			RebuildTransferFunctionScriptingTraits (0ms)
			SetupTypeCache (534ms)
			ReleaseScriptCaches (1ms)
			RebuildScriptCaches (94ms)
			SetupLoadedEditorAssemblies (419ms)
				LogAssemblyErrors (0ms)
				InitializePlatformSupportModulesInManaged (10ms)
				SetLoadedEditorAssemblies (1ms)
				RefreshPlugins (2ms)
				BeforeProcessingInitializeOnLoad (156ms)
				ProcessInitializeOnLoadAttributes (237ms)
				ProcessInitializeOnLoadMethodAttributes (10ms)
				AfterProcessingInitializeOnLoad (4ms)
				EditorAssembliesLoaded (0ms)
			ExecutionOrderSort2 (0ms)
			AwakeInstancesAfterBackupRestoration (7ms)
Platform modules already initialized, skipping
Shader 'Oculus/OVRMRCameraFrameLit': fallback shader 'Alpha-Diffuse' not found
Refreshing native plugins compatible for Editor in 1.07 ms, found 5 plugins.
Preloading 1 native plugins for Editor in 0.33 ms.
Unloading 2269 Unused Serialized files (Serialized files now loaded: 0)
System memory in use before: 128.4 MB.
System memory in use after: 128.7 MB.

Unloading 39 unused Assets to reduce memory usage. Loaded Objects now: 2885.
Total: 3.411400 ms (FindLiveObjects: 0.265100 ms CreateObjectMapping: 0.118700 ms MarkObjects: 2.979200 ms  DeleteObjects: 0.046400 ms)

AssetImportParameters requested are different than current active one (requested -> active):
  custom:framework-win-MediaFoundation: 216162199b28c13a410421893ffa2e32 -> 
  custom:video-decoder-ogg-theora: a1e56fd34408186e4bbccfd4996cb3dc -> 
  custom:container-muxer-webm: aa71ff27fc2769a1b78a27578f13a17b -> 
  custom:container-demuxer-webm: 4f35f7cbe854078d1ac9338744f61a02 -> 
  custom:container-demuxer-ogg: 62fdf1f143b41e24485cea50d1cbac27 -> 
  custom:video-encoder-webm-vp8: eb34c28f22e8b96e1ab97ce403110664 -> 
  custom:video-decoder-webm-vp8: 9c59270c3fd7afecdb556c50c9e8de78 -> 
  custom:audio-decoder-ogg-vorbis: bf7c407c2cedff20999df2af8eb42d56 -> 
  custom:audio-encoder-webm-vorbis: bf7c407c2cedff20999df2af8eb42d56 -> 
========================================================================
Received Prepare
Registering precompiled user dll's ...
Registered in 0.019423 seconds.
Begin MonoManager ReloadAssembly
Native extension for WindowsStandalone target not found
Refreshing native plugins compatible for Editor in 0.98 ms, found 5 plugins.
Preloading 1 native plugins for Editor in 0.29 ms.
Mono: successfully reloaded assembly
- Completed reload, in  1.635 seconds
Domain Reload Profiling:
	ReloadAssembly (1635ms)
		BeginReloadAssembly (194ms)
			ExecutionOrderSort (0ms)
			DisableScriptedObjects (4ms)
			BackupInstance (0ms)
			ReleaseScriptingObjects (0ms)
			CreateAndSetChildDomain (40ms)
		EndReloadAssembly (1336ms)
			LoadAssemblies (214ms)
			RebuildTransferFunctionScriptingTraits (0ms)
			SetupTypeCache (508ms)
			ReleaseScriptCaches (1ms)
			RebuildScriptCaches (58ms)
			SetupLoadedEditorAssemblies (387ms)
				LogAssemblyErrors (0ms)
				InitializePlatformSupportModulesInManaged (19ms)
				SetLoadedEditorAssemblies (1ms)
				RefreshPlugins (1ms)
				BeforeProcessingInitializeOnLoad (149ms)
				ProcessInitializeOnLoadAttributes (203ms)
				ProcessInitializeOnLoadMethodAttributes (9ms)
				AfterProcessingInitializeOnLoad (4ms)
				EditorAssembliesLoaded (0ms)
			ExecutionOrderSort2 (0ms)
			AwakeInstancesAfterBackupRestoration (7ms)
Platform modules already initialized, skipping
Shader 'Oculus/OVRMRCameraFrameLit': fallback shader 'Alpha-Diffuse' not found
Refreshing native plugins compatible for Editor in 0.95 ms, found 5 plugins.
Preloading 1 native plugins for Editor in 0.20 ms.
Unloading 2269 Unused Serialized files (Serialized files now loaded: 0)
System memory in use before: 128.4 MB.
System memory in use after: 128.7 MB.

Unloading 39 unused Assets to reduce memory usage. Loaded Objects now: 2887.
Total: 2.793400 ms (FindLiveObjects: 0.280800 ms CreateObjectMapping: 0.120900 ms MarkObjects: 2.324700 ms  DeleteObjects: 0.065600 ms)

AssetImportParameters requested are different than current active one (requested -> active):
  custom:framework-win-MediaFoundation: 216162199b28c13a410421893ffa2e32 -> 
  custom:video-decoder-ogg-theora: a1e56fd34408186e4bbccfd4996cb3dc -> 
  custom:container-muxer-webm: aa71ff27fc2769a1b78a27578f13a17b -> 
  custom:container-demuxer-webm: 4f35f7cbe854078d1ac9338744f61a02 -> 
  custom:container-demuxer-ogg: 62fdf1f143b41e24485cea50d1cbac27 -> 
  custom:video-encoder-webm-vp8: eb34c28f22e8b96e1ab97ce403110664 -> 
  custom:video-decoder-webm-vp8: 9c59270c3fd7afecdb556c50c9e8de78 -> 
  custom:audio-decoder-ogg-vorbis: bf7c407c2cedff20999df2af8eb42d56 -> 
  custom:audio-encoder-webm-vorbis: bf7c407c2cedff20999df2af8eb42d56 -> 
========================================================================
Received Prepare
Registering precompiled user dll's ...
Registered in 0.021091 seconds.
Begin MonoManager ReloadAssembly
Native extension for WindowsStandalone target not found
Refreshing native plugins compatible for Editor in 0.91 ms, found 5 plugins.
Preloading 1 native plugins for Editor in 0.24 ms.
Mono: successfully reloaded assembly
- Completed reload, in  1.139 seconds
Domain Reload Profiling:
	ReloadAssembly (1139ms)
		BeginReloadAssembly (155ms)
			ExecutionOrderSort (0ms)
			DisableScriptedObjects (4ms)
			BackupInstance (0ms)
			ReleaseScriptingObjects (0ms)
			CreateAndSetChildDomain (29ms)
		EndReloadAssembly (918ms)
			LoadAssemblies (176ms)
			RebuildTransferFunctionScriptingTraits (0ms)
			SetupTypeCache (309ms)
			ReleaseScriptCaches (1ms)
			RebuildScriptCaches (39ms)
			SetupLoadedEditorAssemblies (322ms)
				LogAssemblyErrors (0ms)
				InitializePlatformSupportModulesInManaged (5ms)
				SetLoadedEditorAssemblies (0ms)
				RefreshPlugins (1ms)
				BeforeProcessingInitializeOnLoad (107ms)
				ProcessInitializeOnLoadAttributes (195ms)
				ProcessInitializeOnLoadMethodAttributes (9ms)
				AfterProcessingInitializeOnLoad (3ms)
				EditorAssembliesLoaded (0ms)
			ExecutionOrderSort2 (0ms)
			AwakeInstancesAfterBackupRestoration (7ms)
Platform modules already initialized, skipping
Shader 'Oculus/OVRMRCameraFrameLit': fallback shader 'Alpha-Diffuse' not found
Refreshing native plugins compatible for Editor in 0.88 ms, found 5 plugins.
Preloading 1 native plugins for Editor in 0.18 ms.
Unloading 2269 Unused Serialized files (Serialized files now loaded: 0)
System memory in use before: 128.4 MB.
System memory in use after: 128.7 MB.

Unloading 39 unused Assets to reduce memory usage. Loaded Objects now: 2889.
Total: 15.167900 ms (FindLiveObjects: 1.037100 ms CreateObjectMapping: 11.422100 ms MarkObjects: 2.665500 ms  DeleteObjects: 0.039900 ms)

AssetImportParameters requested are different than current active one (requested -> active):
  custom:framework-win-MediaFoundation: 216162199b28c13a410421893ffa2e32 -> 
  custom:video-decoder-ogg-theora: a1e56fd34408186e4bbccfd4996cb3dc -> 
  custom:container-muxer-webm: aa71ff27fc2769a1b78a27578f13a17b -> 
  custom:container-demuxer-webm: 4f35f7cbe854078d1ac9338744f61a02 -> 
  custom:container-demuxer-ogg: 62fdf1f143b41e24485cea50d1cbac27 -> 
  custom:video-encoder-webm-vp8: eb34c28f22e8b96e1ab97ce403110664 -> 
  custom:video-decoder-webm-vp8: 9c59270c3fd7afecdb556c50c9e8de78 -> 
  custom:audio-decoder-ogg-vorbis: bf7c407c2cedff20999df2af8eb42d56 -> 
  custom:audio-encoder-webm-vorbis: bf7c407c2cedff20999df2af8eb42d56 -> 
========================================================================
Received Prepare
Registering precompiled user dll's ...
Registered in 0.021559 seconds.
Begin MonoManager ReloadAssembly
Native extension for WindowsStandalone target not found
Refreshing native plugins compatible for Editor in 0.91 ms, found 5 plugins.
Preloading 1 native plugins for Editor in 0.24 ms.
Mono: successfully reloaded assembly
- Completed reload, in  1.123 seconds
Domain Reload Profiling:
	ReloadAssembly (1124ms)
		BeginReloadAssembly (151ms)
			ExecutionOrderSort (0ms)
			DisableScriptedObjects (4ms)
			BackupInstance (0ms)
			ReleaseScriptingObjects (0ms)
			CreateAndSetChildDomain (29ms)
		EndReloadAssembly (911ms)
			LoadAssemblies (165ms)
			RebuildTransferFunctionScriptingTraits (0ms)
			SetupTypeCache (306ms)
			ReleaseScriptCaches (1ms)
			RebuildScriptCaches (41ms)
			SetupLoadedEditorAssemblies (317ms)
				LogAssemblyErrors (0ms)
				InitializePlatformSupportModulesInManaged (4ms)
				SetLoadedEditorAssemblies (0ms)
				RefreshPlugins (1ms)
				BeforeProcessingInitializeOnLoad (99ms)
				ProcessInitializeOnLoadAttributes (199ms)
				ProcessInitializeOnLoadMethodAttributes (9ms)
				AfterProcessingInitializeOnLoad (3ms)
				EditorAssembliesLoaded (0ms)
			ExecutionOrderSort2 (0ms)
			AwakeInstancesAfterBackupRestoration (7ms)
Platform modules already initialized, skipping
Shader 'Oculus/OVRMRCameraFrameLit': fallback shader 'Alpha-Diffuse' not found
Refreshing native plugins compatible for Editor in 0.89 ms, found 5 plugins.
Preloading 1 native plugins for Editor in 0.19 ms.
Unloading 2269 Unused Serialized files (Serialized files now loaded: 0)
System memory in use before: 128.5 MB.
System memory in use after: 128.7 MB.

Unloading 39 unused Assets to reduce memory usage. Loaded Objects now: 2891.
Total: 2.896900 ms (FindLiveObjects: 0.222000 ms CreateObjectMapping: 0.091300 ms MarkObjects: 2.474400 ms  DeleteObjects: 0.108300 ms)

AssetImportParameters requested are different than current active one (requested -> active):
  custom:framework-win-MediaFoundation: 216162199b28c13a410421893ffa2e32 -> 
  custom:video-decoder-ogg-theora: a1e56fd34408186e4bbccfd4996cb3dc -> 
  custom:container-muxer-webm: aa71ff27fc2769a1b78a27578f13a17b -> 
  custom:container-demuxer-webm: 4f35f7cbe854078d1ac9338744f61a02 -> 
  custom:container-demuxer-ogg: 62fdf1f143b41e24485cea50d1cbac27 -> 
  custom:video-encoder-webm-vp8: eb34c28f22e8b96e1ab97ce403110664 -> 
  custom:video-decoder-webm-vp8: 9c59270c3fd7afecdb556c50c9e8de78 -> 
  custom:audio-decoder-ogg-vorbis: bf7c407c2cedff20999df2af8eb42d56 -> 
  custom:audio-encoder-webm-vorbis: bf7c407c2cedff20999df2af8eb42d56 -> 
========================================================================
Received Prepare
Registering precompiled user dll's ...
Registered in 0.022840 seconds.
Begin MonoManager ReloadAssembly
Native extension for WindowsStandalone target not found
Refreshing native plugins compatible for Editor in 0.87 ms, found 5 plugins.
Preloading 1 native plugins for Editor in 0.25 ms.
Mono: successfully reloaded assembly
- Completed reload, in  1.316 seconds
Domain Reload Profiling:
	ReloadAssembly (1317ms)
		BeginReloadAssembly (207ms)
			ExecutionOrderSort (0ms)
			DisableScriptedObjects (5ms)
			BackupInstance (0ms)
			ReleaseScriptingObjects (0ms)
			CreateAndSetChildDomain (68ms)
		EndReloadAssembly (1018ms)
			LoadAssemblies (195ms)
			RebuildTransferFunctionScriptingTraits (0ms)
			SetupTypeCache (377ms)
			ReleaseScriptCaches (1ms)
			RebuildScriptCaches (39ms)
			SetupLoadedEditorAssemblies (346ms)
				LogAssemblyErrors (0ms)
				InitializePlatformSupportModulesInManaged (4ms)
				SetLoadedEditorAssemblies (1ms)
				RefreshPlugins (1ms)
				BeforeProcessingInitializeOnLoad (103ms)
				ProcessInitializeOnLoadAttributes (222ms)
				ProcessInitializeOnLoadMethodAttributes (12ms)
				AfterProcessingInitializeOnLoad (4ms)
				EditorAssembliesLoaded (0ms)
			ExecutionOrderSort2 (0ms)
			AwakeInstancesAfterBackupRestoration (6ms)
Platform modules already initialized, skipping
Shader 'Oculus/OVRMRCameraFrameLit': fallback shader 'Alpha-Diffuse' not found
Refreshing native plugins compatible for Editor in 2.59 ms, found 5 plugins.
Preloading 1 native plugins for Editor in 0.26 ms.
Unloading 2269 Unused Serialized files (Serialized files now loaded: 0)
System memory in use before: 128.5 MB.
System memory in use after: 128.7 MB.

Unloading 39 unused Assets to reduce memory usage. Loaded Objects now: 2893.
Total: 9.455600 ms (FindLiveObjects: 1.882300 ms CreateObjectMapping: 0.259600 ms MarkObjects: 7.271000 ms  DeleteObjects: 0.038600 ms)

AssetImportParameters requested are different than current active one (requested -> active):
  custom:framework-win-MediaFoundation: 216162199b28c13a410421893ffa2e32 -> 
  custom:video-decoder-ogg-theora: a1e56fd34408186e4bbccfd4996cb3dc -> 
  custom:container-muxer-webm: aa71ff27fc2769a1b78a27578f13a17b -> 
  custom:container-demuxer-webm: 4f35f7cbe854078d1ac9338744f61a02 -> 
  custom:container-demuxer-ogg: 62fdf1f143b41e24485cea50d1cbac27 -> 
  custom:video-encoder-webm-vp8: eb34c28f22e8b96e1ab97ce403110664 -> 
  custom:video-decoder-webm-vp8: 9c59270c3fd7afecdb556c50c9e8de78 -> 
  custom:audio-decoder-ogg-vorbis: bf7c407c2cedff20999df2af8eb42d56 -> 
  custom:audio-encoder-webm-vorbis: bf7c407c2cedff20999df2af8eb42d56 -> 
========================================================================
Received Import Request.
  Time since last request: 2951.850823 seconds.
  path: Assets/Scripts/Han
  artifactKey: Guid(38e3fbd95d1cc1c4889765fef410a2af) Importer(815301076,1909f56bfc062723c751e8b465ee728b)
Start importing Assets/Scripts/Han using Guid(38e3fbd95d1cc1c4889765fef410a2af) Importer(815301076,1909f56bfc062723c751e8b465ee728b)  -> (artifact id: 'dbbde70447c3c305a81c2fbb017e5837') in 0.014285 seconds 
  Import took 0.022318 seconds .

========================================================================
Received Import Request.
  Time since last request: 8.788331 seconds.
  path: Assets/Scripts/Han/ControllerTest.cs
  artifactKey: Guid(a2d24d737dec8534ca6484894225670e) Importer(815301076,1909f56bfc062723c751e8b465ee728b)
Start importing Assets/Scripts/Han/ControllerTest.cs using Guid(a2d24d737dec8534ca6484894225670e) Importer(815301076,1909f56bfc062723c751e8b465ee728b)  -> (artifact id: 'c4dd2a8020c43abf0b98b6456ad618b9') in 0.011225 seconds 
  Import took 0.029202 seconds .

========================================================================
Received Import Request.
  Time since last request: 30.766721 seconds.
  path: Assets/Scripts/Han/ControllerTest.cs
  artifactKey: Guid(a2d24d737dec8534ca6484894225670e) Importer(815301076,1909f56bfc062723c751e8b465ee728b)
Start importing Assets/Scripts/Han/ControllerTest.cs using Guid(a2d24d737dec8534ca6484894225670e) Importer(815301076,1909f56bfc062723c751e8b465ee728b)  -> (artifact id: 'acc38d3ae71201b3002ec583f452ab79') in 0.008144 seconds 
  Import took 0.013389 seconds .

========================================================================
Received Import Request.
  Time since last request: 29.900697 seconds.
  path: Assets/Scripts/Han/ControllerTest.cs
  artifactKey: Guid(a2d24d737dec8534ca6484894225670e) Importer(815301076,1909f56bfc062723c751e8b465ee728b)
Start importing Assets/Scripts/Han/ControllerTest.cs using Guid(a2d24d737dec8534ca6484894225670e) Importer(815301076,1909f56bfc062723c751e8b465ee728b)  -> (artifact id: '13b638b6d79d315c6a6c4d51322fa2b2') in 0.007829 seconds 
  Import took 0.013911 seconds .

========================================================================
Received Import Request.
  Time since last request: 84.546417 seconds.
  path: Assets/Scripts/Han/ControllerTest.cs
  artifactKey: Guid(a2d24d737dec8534ca6484894225670e) Importer(815301076,1909f56bfc062723c751e8b465ee728b)
Start importing Assets/Scripts/Han/ControllerTest.cs using Guid(a2d24d737dec8534ca6484894225670e) Importer(815301076,1909f56bfc062723c751e8b465ee728b)  -> (artifact id: 'ca686f1f27fef240166e7b5639390d56') in 0.009859 seconds 
  Import took 0.014963 seconds .

========================================================================
Received Import Request.
  Time since last request: 9.502656 seconds.
  path: Assets/Scripts/Han/ControllerTest.cs
  artifactKey: Guid(a2d24d737dec8534ca6484894225670e) Importer(815301076,1909f56bfc062723c751e8b465ee728b)
Start importing Assets/Scripts/Han/ControllerTest.cs using Guid(a2d24d737dec8534ca6484894225670e) Importer(815301076,1909f56bfc062723c751e8b465ee728b)  -> (artifact id: '1b278a7333e9c55a878d0baf54dc9f54') in 0.005928 seconds 
  Import took 0.010555 seconds .

========================================================================
Received Import Request.
  Time since last request: 53.152089 seconds.
  path: Assets/Scripts/Han/ControllerTest.cs
  artifactKey: Guid(a2d24d737dec8534ca6484894225670e) Importer(815301076,1909f56bfc062723c751e8b465ee728b)
Start importing Assets/Scripts/Han/ControllerTest.cs using Guid(a2d24d737dec8534ca6484894225670e) Importer(815301076,1909f56bfc062723c751e8b465ee728b)  -> (artifact id: '377246bf58d47f4710eb256cd0dfcd08') in 0.008731 seconds 
  Import took 0.013631 seconds .

========================================================================
Received Import Request.
  Time since last request: 59.786722 seconds.
  path: Assets/Scripts/Han/ControllerTest.cs
  artifactKey: Guid(a2d24d737dec8534ca6484894225670e) Importer(815301076,1909f56bfc062723c751e8b465ee728b)
Start importing Assets/Scripts/Han/ControllerTest.cs using Guid(a2d24d737dec8534ca6484894225670e) Importer(815301076,1909f56bfc062723c751e8b465ee728b)  -> (artifact id: '90ccb3bd29abf468f1915a6b4ab1ad89') in 0.008466 seconds 
  Import took 0.014929 seconds .

========================================================================
Received Import Request.
  Time since last request: 134.698381 seconds.
  path: Assets/Scripts/Han/ControllerTest.cs
  artifactKey: Guid(a2d24d737dec8534ca6484894225670e) Importer(815301076,1909f56bfc062723c751e8b465ee728b)
Start importing Assets/Scripts/Han/ControllerTest.cs using Guid(a2d24d737dec8534ca6484894225670e) Importer(815301076,1909f56bfc062723c751e8b465ee728b)  -> (artifact id: 'da383cfcccebe01a7ec7e2e255ab9529') in 0.007287 seconds 
  Import took 0.013652 seconds .

========================================================================
Received Import Request.
  Time since last request: 197.027414 seconds.
  path: Assets/Scripts/Han/ControllerTest.cs
  artifactKey: Guid(a2d24d737dec8534ca6484894225670e) Importer(815301076,1909f56bfc062723c751e8b465ee728b)
Start importing Assets/Scripts/Han/ControllerTest.cs using Guid(a2d24d737dec8534ca6484894225670e) Importer(815301076,1909f56bfc062723c751e8b465ee728b)  -> (artifact id: '0de4fcebe0faf2ba7691fe7820854ad0') in 0.006350 seconds 
  Import took 0.010571 seconds .

========================================================================
Received Prepare
Registering precompiled user dll's ...
Registered in 0.022923 seconds.
Begin MonoManager ReloadAssembly
Native extension for WindowsStandalone target not found
Refreshing native plugins compatible for Editor in 0.94 ms, found 5 plugins.
Preloading 1 native plugins for Editor in 0.22 ms.
Mono: successfully reloaded assembly
- Completed reload, in  1.154 seconds
Domain Reload Profiling:
	ReloadAssembly (1155ms)
		BeginReloadAssembly (172ms)
			ExecutionOrderSort (0ms)
			DisableScriptedObjects (7ms)
			BackupInstance (0ms)
			ReleaseScriptingObjects (0ms)
			CreateAndSetChildDomain (54ms)
		EndReloadAssembly (919ms)
			LoadAssemblies (163ms)
			RebuildTransferFunctionScriptingTraits (0ms)
			SetupTypeCache (319ms)
			ReleaseScriptCaches (2ms)
			RebuildScriptCaches (42ms)
			SetupLoadedEditorAssemblies (313ms)
				LogAssemblyErrors (0ms)
				InitializePlatformSupportModulesInManaged (4ms)
				SetLoadedEditorAssemblies (1ms)
				RefreshPlugins (1ms)
				BeforeProcessingInitializeOnLoad (96ms)
				ProcessInitializeOnLoadAttributes (198ms)
				ProcessInitializeOnLoadMethodAttributes (9ms)
				AfterProcessingInitializeOnLoad (3ms)
				EditorAssembliesLoaded (0ms)
			ExecutionOrderSort2 (0ms)
			AwakeInstancesAfterBackupRestoration (7ms)
Platform modules already initialized, skipping
Shader 'Oculus/OVRMRCameraFrameLit': fallback shader 'Alpha-Diffuse' not found
Refreshing native plugins compatible for Editor in 0.85 ms, found 5 plugins.
Preloading 1 native plugins for Editor in 0.17 ms.
Unloading 2270 Unused Serialized files (Serialized files now loaded: 0)
System memory in use before: 128.5 MB.
System memory in use after: 128.7 MB.

Unloading 39 unused Assets to reduce memory usage. Loaded Objects now: 2896.
Total: 3.079500 ms (FindLiveObjects: 0.250500 ms CreateObjectMapping: 0.109400 ms MarkObjects: 2.591800 ms  DeleteObjects: 0.126700 ms)

AssetImportParameters requested are different than current active one (requested -> active):
  custom:framework-win-MediaFoundation: 216162199b28c13a410421893ffa2e32 -> 
  custom:video-decoder-ogg-theora: a1e56fd34408186e4bbccfd4996cb3dc -> 
  custom:container-muxer-webm: aa71ff27fc2769a1b78a27578f13a17b -> 
  custom:container-demuxer-webm: 4f35f7cbe854078d1ac9338744f61a02 -> 
  custom:container-demuxer-ogg: 62fdf1f143b41e24485cea50d1cbac27 -> 
  custom:video-encoder-webm-vp8: eb34c28f22e8b96e1ab97ce403110664 -> 
  custom:video-decoder-webm-vp8: 9c59270c3fd7afecdb556c50c9e8de78 -> 
  custom:audio-decoder-ogg-vorbis: bf7c407c2cedff20999df2af8eb42d56 -> 
  custom:audio-encoder-webm-vorbis: bf7c407c2cedff20999df2af8eb42d56 -> 
========================================================================
Received Import Request.
  Time since last request: 468.986891 seconds.
  path: Assets/Scripts/Kim/BreakDoor.cs
  artifactKey: Guid(5a7cd362b302c4e4896a64fae8ad163b) Importer(815301076,1909f56bfc062723c751e8b465ee728b)
Start importing Assets/Scripts/Kim/BreakDoor.cs using Guid(5a7cd362b302c4e4896a64fae8ad163b) Importer(815301076,1909f56bfc062723c751e8b465ee728b)  -> (artifact id: '165ec1ccbbf0399357b3348847819f07') in 0.015393 seconds 
  Import took 0.021546 seconds .

========================================================================
Received Import Request.
  Time since last request: 2.631683 seconds.
  path: Assets/Scripts/Kim/ScenesChange.cs
  artifactKey: Guid(e1b86b827c5285e4b901555fb53f917c) Importer(815301076,1909f56bfc062723c751e8b465ee728b)
Start importing Assets/Scripts/Kim/ScenesChange.cs using Guid(e1b86b827c5285e4b901555fb53f917c) Importer(815301076,1909f56bfc062723c751e8b465ee728b)  -> (artifact id: 'f13087f56e85c7e9358975cbf1287494') in 0.005645 seconds 
  Import took 0.011359 seconds .

========================================================================
Received Prepare
Registering precompiled user dll's ...
Registered in 0.022913 seconds.
Begin MonoManager ReloadAssembly
Native extension for WindowsStandalone target not found
Refreshing native plugins compatible for Editor in 0.94 ms, found 5 plugins.
Preloading 1 native plugins for Editor in 0.23 ms.
Mono: successfully reloaded assembly
- Completed reload, in  1.112 seconds
Domain Reload Profiling:
	ReloadAssembly (1113ms)
		BeginReloadAssembly (155ms)
			ExecutionOrderSort (0ms)
			DisableScriptedObjects (4ms)
			BackupInstance (0ms)
			ReleaseScriptingObjects (0ms)
			CreateAndSetChildDomain (34ms)
		EndReloadAssembly (894ms)
			LoadAssemblies (171ms)
			RebuildTransferFunctionScriptingTraits (0ms)
			SetupTypeCache (304ms)
			ReleaseScriptCaches (1ms)
			RebuildScriptCaches (41ms)
			SetupLoadedEditorAssemblies (309ms)
				LogAssemblyErrors (0ms)
				InitializePlatformSupportModulesInManaged (4ms)
				SetLoadedEditorAssemblies (0ms)
				RefreshPlugins (1ms)
				BeforeProcessingInitializeOnLoad (95ms)
				ProcessInitializeOnLoadAttributes (195ms)
				ProcessInitializeOnLoadMethodAttributes (9ms)
				AfterProcessingInitializeOnLoad (3ms)
				EditorAssembliesLoaded (0ms)
			ExecutionOrderSort2 (0ms)
			AwakeInstancesAfterBackupRestoration (6ms)
Platform modules already initialized, skipping
Shader 'Oculus/OVRMRCameraFrameLit': fallback shader 'Alpha-Diffuse' not found
Refreshing native plugins compatible for Editor in 0.84 ms, found 5 plugins.
Preloading 1 native plugins for Editor in 0.17 ms.
Unloading 2270 Unused Serialized files (Serialized files now loaded: 0)
System memory in use before: 128.5 MB.
System memory in use after: 128.7 MB.

Unloading 39 unused Assets to reduce memory usage. Loaded Objects now: 2898.
Total: 2.912700 ms (FindLiveObjects: 0.237400 ms CreateObjectMapping: 0.097500 ms MarkObjects: 2.520700 ms  DeleteObjects: 0.056200 ms)

AssetImportParameters requested are different than current active one (requested -> active):
  custom:framework-win-MediaFoundation: 216162199b28c13a410421893ffa2e32 -> 
  custom:video-decoder-ogg-theora: a1e56fd34408186e4bbccfd4996cb3dc -> 
  custom:container-muxer-webm: aa71ff27fc2769a1b78a27578f13a17b -> 
  custom:container-demuxer-webm: 4f35f7cbe854078d1ac9338744f61a02 -> 
  custom:container-demuxer-ogg: 62fdf1f143b41e24485cea50d1cbac27 -> 
  custom:video-encoder-webm-vp8: eb34c28f22e8b96e1ab97ce403110664 -> 
  custom:video-decoder-webm-vp8: 9c59270c3fd7afecdb556c50c9e8de78 -> 
  custom:audio-decoder-ogg-vorbis: bf7c407c2cedff20999df2af8eb42d56 -> 
  custom:audio-encoder-webm-vorbis: bf7c407c2cedff20999df2af8eb42d56 -> 
========================================================================
Received Prepare
Registering precompiled user dll's ...
Registered in 0.017268 seconds.
Begin MonoManager ReloadAssembly
Native extension for WindowsStandalone target not found
Refreshing native plugins compatible for Editor in 1.01 ms, found 5 plugins.
Preloading 1 native plugins for Editor in 0.22 ms.
Mono: successfully reloaded assembly
- Completed reload, in  1.096 seconds
Domain Reload Profiling:
	ReloadAssembly (1097ms)
		BeginReloadAssembly (144ms)
			ExecutionOrderSort (0ms)
			DisableScriptedObjects (4ms)
			BackupInstance (0ms)
			ReleaseScriptingObjects (0ms)
			CreateAndSetChildDomain (29ms)
		EndReloadAssembly (889ms)
			LoadAssemblies (155ms)
			RebuildTransferFunctionScriptingTraits (0ms)
			SetupTypeCache (300ms)
			ReleaseScriptCaches (1ms)
			RebuildScriptCaches (39ms)
			SetupLoadedEditorAssemblies (314ms)
				LogAssemblyErrors (0ms)
				InitializePlatformSupportModulesInManaged (4ms)
				SetLoadedEditorAssemblies (0ms)
				RefreshPlugins (1ms)
				BeforeProcessingInitializeOnLoad (99ms)
				ProcessInitializeOnLoadAttributes (195ms)
				ProcessInitializeOnLoadMethodAttributes (10ms)
				AfterProcessingInitializeOnLoad (3ms)
				EditorAssembliesLoaded (0ms)
			ExecutionOrderSort2 (0ms)
			AwakeInstancesAfterBackupRestoration (8ms)
Platform modules already initialized, skipping
Shader 'Oculus/OVRMRCameraFrameLit': fallback shader 'Alpha-Diffuse' not found
Refreshing native plugins compatible for Editor in 1.22 ms, found 5 plugins.
Preloading 1 native plugins for Editor in 0.26 ms.
Unloading 2270 Unused Serialized files (Serialized files now loaded: 0)
System memory in use before: 128.5 MB.
System memory in use after: 128.7 MB.

Unloading 39 unused Assets to reduce memory usage. Loaded Objects now: 2900.
Total: 3.168700 ms (FindLiveObjects: 0.348900 ms CreateObjectMapping: 0.159800 ms MarkObjects: 2.575700 ms  DeleteObjects: 0.083000 ms)

AssetImportParameters requested are different than current active one (requested -> active):
  custom:framework-win-MediaFoundation: 216162199b28c13a410421893ffa2e32 -> 
  custom:video-decoder-ogg-theora: a1e56fd34408186e4bbccfd4996cb3dc -> 
  custom:container-muxer-webm: aa71ff27fc2769a1b78a27578f13a17b -> 
  custom:container-demuxer-webm: 4f35f7cbe854078d1ac9338744f61a02 -> 
  custom:container-demuxer-ogg: 62fdf1f143b41e24485cea50d1cbac27 -> 
  custom:video-encoder-webm-vp8: eb34c28f22e8b96e1ab97ce403110664 -> 
  custom:video-decoder-webm-vp8: 9c59270c3fd7afecdb556c50c9e8de78 -> 
  custom:audio-decoder-ogg-vorbis: bf7c407c2cedff20999df2af8eb42d56 -> 
  custom:audio-encoder-webm-vorbis: bf7c407c2cedff20999df2af8eb42d56 -> 
========================================================================
Received Prepare
Registering precompiled user dll's ...
Registered in 0.017753 seconds.
Begin MonoManager ReloadAssembly
Native extension for WindowsStandalone target not found
Refreshing native plugins compatible for Editor in 1.16 ms, found 5 plugins.
Preloading 1 native plugins for Editor in 0.22 ms.
Mono: successfully reloaded assembly
- Completed reload, in  1.140 seconds
Domain Reload Profiling:
	ReloadAssembly (1140ms)
		BeginReloadAssembly (178ms)
			ExecutionOrderSort (0ms)
			DisableScriptedObjects (4ms)
			BackupInstance (0ms)
			ReleaseScriptingObjects (0ms)
			CreateAndSetChildDomain (35ms)
		EndReloadAssembly (893ms)
			LoadAssemblies (178ms)
			RebuildTransferFunctionScriptingTraits (0ms)
			SetupTypeCache (304ms)
			ReleaseScriptCaches (1ms)
			RebuildScriptCaches (40ms)
			SetupLoadedEditorAssemblies (312ms)
				LogAssemblyErrors (0ms)
				InitializePlatformSupportModulesInManaged (4ms)
				SetLoadedEditorAssemblies (1ms)
				RefreshPlugins (2ms)
				BeforeProcessingInitializeOnLoad (100ms)
				ProcessInitializeOnLoadAttributes (193ms)
				ProcessInitializeOnLoadMethodAttributes (9ms)
				AfterProcessingInitializeOnLoad (4ms)
				EditorAssembliesLoaded (0ms)
			ExecutionOrderSort2 (0ms)
			AwakeInstancesAfterBackupRestoration (8ms)
Platform modules already initialized, skipping
Shader 'Oculus/OVRMRCameraFrameLit': fallback shader 'Alpha-Diffuse' not found
Refreshing native plugins compatible for Editor in 0.91 ms, found 5 plugins.
Preloading 1 native plugins for Editor in 0.17 ms.
Unloading 2270 Unused Serialized files (Serialized files now loaded: 0)
System memory in use before: 128.5 MB.
System memory in use after: 128.7 MB.

Unloading 39 unused Assets to reduce memory usage. Loaded Objects now: 2902.
Total: 3.291800 ms (FindLiveObjects: 0.268400 ms CreateObjectMapping: 0.109200 ms MarkObjects: 2.878500 ms  DeleteObjects: 0.034400 ms)

AssetImportParameters requested are different than current active one (requested -> active):
  custom:framework-win-MediaFoundation: 216162199b28c13a410421893ffa2e32 -> 
  custom:video-decoder-ogg-theora: a1e56fd34408186e4bbccfd4996cb3dc -> 
  custom:container-muxer-webm: aa71ff27fc2769a1b78a27578f13a17b -> 
  custom:container-demuxer-webm: 4f35f7cbe854078d1ac9338744f61a02 -> 
  custom:container-demuxer-ogg: 62fdf1f143b41e24485cea50d1cbac27 -> 
  custom:video-encoder-webm-vp8: eb34c28f22e8b96e1ab97ce403110664 -> 
  custom:video-decoder-webm-vp8: 9c59270c3fd7afecdb556c50c9e8de78 -> 
  custom:audio-decoder-ogg-vorbis: bf7c407c2cedff20999df2af8eb42d56 -> 
  custom:audio-encoder-webm-vorbis: bf7c407c2cedff20999df2af8eb42d56 -> 
========================================================================
Received Prepare
Registering precompiled user dll's ...
Registered in 0.017592 seconds.
Begin MonoManager ReloadAssembly
Native extension for WindowsStandalone target not found
Refreshing native plugins compatible for Editor in 1.11 ms, found 5 plugins.
Preloading 1 native plugins for Editor in 0.28 ms.
Mono: successfully reloaded assembly
- Completed reload, in  1.097 seconds
Domain Reload Profiling:
	ReloadAssembly (1097ms)
		BeginReloadAssembly (148ms)
			ExecutionOrderSort (0ms)
			DisableScriptedObjects (4ms)
			BackupInstance (0ms)
			ReleaseScriptingObjects (0ms)
			CreateAndSetChildDomain (29ms)
		EndReloadAssembly (887ms)
			LoadAssemblies (155ms)
			RebuildTransferFunctionScriptingTraits (0ms)
			SetupTypeCache (304ms)
			ReleaseScriptCaches (1ms)
			RebuildScriptCaches (39ms)
			SetupLoadedEditorAssemblies (314ms)
				LogAssemblyErrors (0ms)
				InitializePlatformSupportModulesInManaged (4ms)
				SetLoadedEditorAssemblies (1ms)
				RefreshPlugins (2ms)
				BeforeProcessingInitializeOnLoad (99ms)
				ProcessInitializeOnLoadAttributes (195ms)
				ProcessInitializeOnLoadMethodAttributes (10ms)
				AfterProcessingInitializeOnLoad (3ms)
				EditorAssembliesLoaded (0ms)
			ExecutionOrderSort2 (0ms)
			AwakeInstancesAfterBackupRestoration (6ms)
Platform modules already initialized, skipping
Shader 'Oculus/OVRMRCameraFrameLit': fallback shader 'Alpha-Diffuse' not found
Refreshing native plugins compatible for Editor in 1.06 ms, found 5 plugins.
Preloading 1 native plugins for Editor in 0.19 ms.
Unloading 2270 Unused Serialized files (Serialized files now loaded: 0)
System memory in use before: 128.5 MB.
System memory in use after: 128.7 MB.

Unloading 39 unused Assets to reduce memory usage. Loaded Objects now: 2904.
Total: 3.179400 ms (FindLiveObjects: 0.468300 ms CreateObjectMapping: 0.143600 ms MarkObjects: 2.536900 ms  DeleteObjects: 0.029500 ms)

AssetImportParameters requested are different than current active one (requested -> active):
  custom:framework-win-MediaFoundation: 216162199b28c13a410421893ffa2e32 -> 
  custom:video-decoder-ogg-theora: a1e56fd34408186e4bbccfd4996cb3dc -> 
  custom:container-muxer-webm: aa71ff27fc2769a1b78a27578f13a17b -> 
  custom:container-demuxer-webm: 4f35f7cbe854078d1ac9338744f61a02 -> 
  custom:container-demuxer-ogg: 62fdf1f143b41e24485cea50d1cbac27 -> 
  custom:video-encoder-webm-vp8: eb34c28f22e8b96e1ab97ce403110664 -> 
  custom:video-decoder-webm-vp8: 9c59270c3fd7afecdb556c50c9e8de78 -> 
  custom:audio-decoder-ogg-vorbis: bf7c407c2cedff20999df2af8eb42d56 -> 
  custom:audio-encoder-webm-vorbis: bf7c407c2cedff20999df2af8eb42d56 -> 
========================================================================
Received Import Request.
  Time since last request: 696.683638 seconds.
  path: Assets/Scripts/Yuk/Ai.cs
  artifactKey: Guid(2b8cdb24c7708e74eadbbb2917110b0e) Importer(815301076,1909f56bfc062723c751e8b465ee728b)
Start importing Assets/Scripts/Yuk/Ai.cs using Guid(2b8cdb24c7708e74eadbbb2917110b0e) Importer(815301076,1909f56bfc062723c751e8b465ee728b)  -> (artifact id: 'a298b66e495523b781c5255f584f37d8') in 0.009765 seconds 
  Import took 0.014906 seconds .

========================================================================
Received Import Request.
  Time since last request: 1.218656 seconds.
  path: Assets/Scripts/Yuk/ColorPuzzle.cs
  artifactKey: Guid(f3f9fac4d8fd7df41a65e1677cfd7c10) Importer(815301076,1909f56bfc062723c751e8b465ee728b)
Start importing Assets/Scripts/Yuk/ColorPuzzle.cs using Guid(f3f9fac4d8fd7df41a65e1677cfd7c10) Importer(815301076,1909f56bfc062723c751e8b465ee728b)  -> (artifact id: '7c3e86fafbcf9c9877fc0fe24e3d51d1') in 0.005226 seconds 
  Import took 0.009518 seconds .

========================================================================
Received Prepare
Registering precompiled user dll's ...
Registered in 0.016180 seconds.
Begin MonoManager ReloadAssembly
Native extension for WindowsStandalone target not found
Refreshing native plugins compatible for Editor in 1.13 ms, found 5 plugins.
Preloading 1 native plugins for Editor in 0.26 ms.
Mono: successfully reloaded assembly
- Completed reload, in  1.120 seconds
Domain Reload Profiling:
	ReloadAssembly (1121ms)
		BeginReloadAssembly (164ms)
			ExecutionOrderSort (0ms)
			DisableScriptedObjects (5ms)
			BackupInstance (0ms)
			ReleaseScriptingObjects (0ms)
			CreateAndSetChildDomain (33ms)
		EndReloadAssembly (879ms)
			LoadAssemblies (162ms)
			RebuildTransferFunctionScriptingTraits (0ms)
			SetupTypeCache (299ms)
			ReleaseScriptCaches (1ms)
			RebuildScriptCaches (39ms)
			SetupLoadedEditorAssemblies (310ms)
				LogAssemblyErrors (0ms)
				InitializePlatformSupportModulesInManaged (6ms)
				SetLoadedEditorAssemblies (1ms)
				RefreshPlugins (2ms)
				BeforeProcessingInitializeOnLoad (98ms)
				ProcessInitializeOnLoadAttributes (190ms)
				ProcessInitializeOnLoadMethodAttributes (9ms)
				AfterProcessingInitializeOnLoad (4ms)
				EditorAssembliesLoaded (0ms)
			ExecutionOrderSort2 (0ms)
			AwakeInstancesAfterBackupRestoration (6ms)
Platform modules already initialized, skipping
Shader 'Oculus/OVRMRCameraFrameLit': fallback shader 'Alpha-Diffuse' not found
Refreshing native plugins compatible for Editor in 0.86 ms, found 5 plugins.
Preloading 1 native plugins for Editor in 0.17 ms.
Unloading 2270 Unused Serialized files (Serialized files now loaded: 0)
System memory in use before: 128.5 MB.
System memory in use after: 128.7 MB.

Unloading 39 unused Assets to reduce memory usage. Loaded Objects now: 2906.
Total: 2.882700 ms (FindLiveObjects: 0.256000 ms CreateObjectMapping: 0.103600 ms MarkObjects: 2.474600 ms  DeleteObjects: 0.047600 ms)

AssetImportParameters requested are different than current active one (requested -> active):
  custom:framework-win-MediaFoundation: 216162199b28c13a410421893ffa2e32 -> 
  custom:video-decoder-ogg-theora: a1e56fd34408186e4bbccfd4996cb3dc -> 
  custom:container-muxer-webm: aa71ff27fc2769a1b78a27578f13a17b -> 
  custom:container-demuxer-webm: 4f35f7cbe854078d1ac9338744f61a02 -> 
  custom:container-demuxer-ogg: 62fdf1f143b41e24485cea50d1cbac27 -> 
  custom:video-encoder-webm-vp8: eb34c28f22e8b96e1ab97ce403110664 -> 
  custom:video-decoder-webm-vp8: 9c59270c3fd7afecdb556c50c9e8de78 -> 
  custom:audio-decoder-ogg-vorbis: bf7c407c2cedff20999df2af8eb42d56 -> 
  custom:audio-encoder-webm-vorbis: bf7c407c2cedff20999df2af8eb42d56 -> 
========================================================================
Received Prepare
Registering precompiled user dll's ...
Registered in 0.020841 seconds.
Begin MonoManager ReloadAssembly
Native extension for WindowsStandalone target not found
Refreshing native plugins compatible for Editor in 0.86 ms, found 5 plugins.
Preloading 1 native plugins for Editor in 0.24 ms.
Mono: successfully reloaded assembly
- Completed reload, in  1.139 seconds
Domain Reload Profiling:
	ReloadAssembly (1140ms)
		BeginReloadAssembly (141ms)
			ExecutionOrderSort (0ms)
			DisableScriptedObjects (5ms)
			BackupInstance (0ms)
			ReleaseScriptingObjects (0ms)
			CreateAndSetChildDomain (32ms)
		EndReloadAssembly (934ms)
			LoadAssemblies (149ms)
			RebuildTransferFunctionScriptingTraits (0ms)
			SetupTypeCache (315ms)
			ReleaseScriptCaches (3ms)
			RebuildScriptCaches (50ms)
			SetupLoadedEditorAssemblies (326ms)
				LogAssemblyErrors (0ms)
				InitializePlatformSupportModulesInManaged (4ms)
				SetLoadedEditorAssemblies (0ms)
				RefreshPlugins (1ms)
				BeforeProcessingInitializeOnLoad (111ms)
				ProcessInitializeOnLoadAttributes (196ms)
				ProcessInitializeOnLoadMethodAttributes (10ms)
				AfterProcessingInitializeOnLoad (3ms)
				EditorAssembliesLoaded (0ms)
			ExecutionOrderSort2 (0ms)
			AwakeInstancesAfterBackupRestoration (6ms)
Platform modules already initialized, skipping
Shader 'Oculus/OVRMRCameraFrameLit': fallback shader 'Alpha-Diffuse' not found
Refreshing native plugins compatible for Editor in 1.07 ms, found 5 plugins.
Preloading 1 native plugins for Editor in 0.18 ms.
Unloading 2270 Unused Serialized files (Serialized files now loaded: 0)
System memory in use before: 128.5 MB.
System memory in use after: 128.7 MB.

Unloading 39 unused Assets to reduce memory usage. Loaded Objects now: 2908.
Total: 4.221900 ms (FindLiveObjects: 0.691700 ms CreateObjectMapping: 0.388900 ms MarkObjects: 3.105600 ms  DeleteObjects: 0.032700 ms)

AssetImportParameters requested are different than current active one (requested -> active):
  custom:framework-win-MediaFoundation: 216162199b28c13a410421893ffa2e32 -> 
  custom:video-decoder-ogg-theora: a1e56fd34408186e4bbccfd4996cb3dc -> 
  custom:container-muxer-webm: aa71ff27fc2769a1b78a27578f13a17b -> 
  custom:container-demuxer-webm: 4f35f7cbe854078d1ac9338744f61a02 -> 
  custom:container-demuxer-ogg: 62fdf1f143b41e24485cea50d1cbac27 -> 
  custom:video-encoder-webm-vp8: eb34c28f22e8b96e1ab97ce403110664 -> 
  custom:video-decoder-webm-vp8: 9c59270c3fd7afecdb556c50c9e8de78 -> 
  custom:audio-decoder-ogg-vorbis: bf7c407c2cedff20999df2af8eb42d56 -> 
  custom:audio-encoder-webm-vorbis: bf7c407c2cedff20999df2af8eb42d56 -> 
========================================================================
Received Prepare
Registering precompiled user dll's ...
Registered in 0.017373 seconds.
Begin MonoManager ReloadAssembly
Native extension for WindowsStandalone target not found
Refreshing native plugins compatible for Editor in 1.02 ms, found 5 plugins.
Preloading 1 native plugins for Editor in 0.22 ms.
Mono: successfully reloaded assembly
- Completed reload, in  1.146 seconds
Domain Reload Profiling:
	ReloadAssembly (1146ms)
		BeginReloadAssembly (145ms)
			ExecutionOrderSort (0ms)
			DisableScriptedObjects (4ms)
			BackupInstance (0ms)
			ReleaseScriptingObjects (0ms)
			CreateAndSetChildDomain (32ms)
		EndReloadAssembly (939ms)
			LoadAssemblies (157ms)
			RebuildTransferFunctionScriptingTraits (0ms)
			SetupTypeCache (322ms)
			ReleaseScriptCaches (1ms)
			RebuildScriptCaches (52ms)
			SetupLoadedEditorAssemblies (323ms)
				LogAssemblyErrors (0ms)
				InitializePlatformSupportModulesInManaged (11ms)
				SetLoadedEditorAssemblies (1ms)
				RefreshPlugins (1ms)
				BeforeProcessingInitializeOnLoad (101ms)
				ProcessInitializeOnLoadAttributes (197ms)
				ProcessInitializeOnLoadMethodAttributes (10ms)
				AfterProcessingInitializeOnLoad (3ms)
				EditorAssembliesLoaded (0ms)
			ExecutionOrderSort2 (0ms)
			AwakeInstancesAfterBackupRestoration (6ms)
Platform modules already initialized, skipping
Shader 'Oculus/OVRMRCameraFrameLit': fallback shader 'Alpha-Diffuse' not found
Refreshing native plugins compatible for Editor in 1.03 ms, found 5 plugins.
Preloading 1 native plugins for Editor in 0.19 ms.
Unloading 2270 Unused Serialized files (Serialized files now loaded: 0)
System memory in use before: 128.5 MB.
System memory in use after: 128.7 MB.

Unloading 39 unused Assets to reduce memory usage. Loaded Objects now: 2910.
Total: 3.180500 ms (FindLiveObjects: 0.283400 ms CreateObjectMapping: 0.126800 ms MarkObjects: 2.740500 ms  DeleteObjects: 0.028600 ms)

AssetImportParameters requested are different than current active one (requested -> active):
  custom:framework-win-MediaFoundation: 216162199b28c13a410421893ffa2e32 -> 
  custom:video-decoder-ogg-theora: a1e56fd34408186e4bbccfd4996cb3dc -> 
  custom:container-muxer-webm: aa71ff27fc2769a1b78a27578f13a17b -> 
  custom:container-demuxer-webm: 4f35f7cbe854078d1ac9338744f61a02 -> 
  custom:container-demuxer-ogg: 62fdf1f143b41e24485cea50d1cbac27 -> 
  custom:video-encoder-webm-vp8: eb34c28f22e8b96e1ab97ce403110664 -> 
  custom:video-decoder-webm-vp8: 9c59270c3fd7afecdb556c50c9e8de78 -> 
  custom:audio-decoder-ogg-vorbis: bf7c407c2cedff20999df2af8eb42d56 -> 
  custom:audio-encoder-webm-vorbis: bf7c407c2cedff20999df2af8eb42d56 -> 
========================================================================
Received Prepare
Registering precompiled user dll's ...
Registered in 0.016435 seconds.
Begin MonoManager ReloadAssembly
Native extension for WindowsStandalone target not found
Refreshing native plugins compatible for Editor in 0.86 ms, found 5 plugins.
Preloading 1 native plugins for Editor in 0.21 ms.
Mono: successfully reloaded assembly
- Completed reload, in  1.114 seconds
Domain Reload Profiling:
	ReloadAssembly (1114ms)
		BeginReloadAssembly (155ms)
			ExecutionOrderSort (0ms)
			DisableScriptedObjects (4ms)
			BackupInstance (0ms)
			ReleaseScriptingObjects (0ms)
			CreateAndSetChildDomain (29ms)
		EndReloadAssembly (893ms)
			LoadAssemblies (160ms)
			RebuildTransferFunctionScriptingTraits (0ms)
			SetupTypeCache (303ms)
			ReleaseScriptCaches (1ms)
			RebuildScriptCaches (42ms)
			SetupLoadedEditorAssemblies (312ms)
				LogAssemblyErrors (0ms)
				InitializePlatformSupportModulesInManaged (4ms)
				SetLoadedEditorAssemblies (0ms)
				RefreshPlugins (1ms)
				BeforeProcessingInitializeOnLoad (98ms)
				ProcessInitializeOnLoadAttributes (196ms)
				ProcessInitializeOnLoadMethodAttributes (9ms)
				AfterProcessingInitializeOnLoad (3ms)
				EditorAssembliesLoaded (0ms)
			ExecutionOrderSort2 (0ms)
			AwakeInstancesAfterBackupRestoration (6ms)
Platform modules already initialized, skipping
Shader 'Oculus/OVRMRCameraFrameLit': fallback shader 'Alpha-Diffuse' not found
Refreshing native plugins compatible for Editor in 0.86 ms, found 5 plugins.
Preloading 1 native plugins for Editor in 0.16 ms.
Unloading 2270 Unused Serialized files (Serialized files now loaded: 0)
System memory in use before: 128.5 MB.
System memory in use after: 128.7 MB.

Unloading 39 unused Assets to reduce memory usage. Loaded Objects now: 2912.
Total: 2.978200 ms (FindLiveObjects: 0.288400 ms CreateObjectMapping: 0.162800 ms MarkObjects: 2.494600 ms  DeleteObjects: 0.031500 ms)

AssetImportParameters requested are different than current active one (requested -> active):
  custom:framework-win-MediaFoundation: 216162199b28c13a410421893ffa2e32 -> 
  custom:video-decoder-ogg-theora: a1e56fd34408186e4bbccfd4996cb3dc -> 
  custom:container-muxer-webm: aa71ff27fc2769a1b78a27578f13a17b -> 
  custom:container-demuxer-webm: 4f35f7cbe854078d1ac9338744f61a02 -> 
  custom:container-demuxer-ogg: 62fdf1f143b41e24485cea50d1cbac27 -> 
  custom:video-encoder-webm-vp8: eb34c28f22e8b96e1ab97ce403110664 -> 
  custom:video-decoder-webm-vp8: 9c59270c3fd7afecdb556c50c9e8de78 -> 
  custom:audio-decoder-ogg-vorbis: bf7c407c2cedff20999df2af8eb42d56 -> 
  custom:audio-encoder-webm-vorbis: bf7c407c2cedff20999df2af8eb42d56 -> 
========================================================================
Received Prepare
Registering precompiled user dll's ...
Registered in 0.016265 seconds.
Begin MonoManager ReloadAssembly
Native extension for WindowsStandalone target not found
Refreshing native plugins compatible for Editor in 1.10 ms, found 5 plugins.
Preloading 1 native plugins for Editor in 0.22 ms.
Mono: successfully reloaded assembly
- Completed reload, in  1.323 seconds
Domain Reload Profiling:
	ReloadAssembly (1324ms)
		BeginReloadAssembly (155ms)
			ExecutionOrderSort (0ms)
			DisableScriptedObjects (5ms)
			BackupInstance (0ms)
			ReleaseScriptingObjects (0ms)
			CreateAndSetChildDomain (31ms)
		EndReloadAssembly (1103ms)
			LoadAssemblies (153ms)
			RebuildTransferFunctionScriptingTraits (0ms)
			SetupTypeCache (457ms)
			ReleaseScriptCaches (1ms)
			RebuildScriptCaches (43ms)
			SetupLoadedEditorAssemblies (318ms)
				LogAssemblyErrors (0ms)
				InitializePlatformSupportModulesInManaged (5ms)
				SetLoadedEditorAssemblies (0ms)
				RefreshPlugins (1ms)
				BeforeProcessingInitializeOnLoad (97ms)
				ProcessInitializeOnLoadAttributes (201ms)
				ProcessInitializeOnLoadMethodAttributes (9ms)
				AfterProcessingInitializeOnLoad (3ms)
				EditorAssembliesLoaded (0ms)
			ExecutionOrderSort2 (0ms)
			AwakeInstancesAfterBackupRestoration (6ms)
Platform modules already initialized, skipping
Shader 'Oculus/OVRMRCameraFrameLit': fallback shader 'Alpha-Diffuse' not found
Refreshing native plugins compatible for Editor in 0.85 ms, found 5 plugins.
Preloading 1 native plugins for Editor in 0.17 ms.
Unloading 2270 Unused Serialized files (Serialized files now loaded: 0)
System memory in use before: 128.5 MB.
System memory in use after: 128.7 MB.

Unloading 39 unused Assets to reduce memory usage. Loaded Objects now: 2914.
Total: 3.702800 ms (FindLiveObjects: 0.630000 ms CreateObjectMapping: 0.162700 ms MarkObjects: 2.832000 ms  DeleteObjects: 0.075100 ms)

AssetImportParameters requested are different than current active one (requested -> active):
  custom:framework-win-MediaFoundation: 216162199b28c13a410421893ffa2e32 -> 
  custom:video-decoder-ogg-theora: a1e56fd34408186e4bbccfd4996cb3dc -> 
  custom:container-muxer-webm: aa71ff27fc2769a1b78a27578f13a17b -> 
  custom:container-demuxer-webm: 4f35f7cbe854078d1ac9338744f61a02 -> 
  custom:container-demuxer-ogg: 62fdf1f143b41e24485cea50d1cbac27 -> 
  custom:video-encoder-webm-vp8: eb34c28f22e8b96e1ab97ce403110664 -> 
  custom:video-decoder-webm-vp8: 9c59270c3fd7afecdb556c50c9e8de78 -> 
  custom:audio-decoder-ogg-vorbis: bf7c407c2cedff20999df2af8eb42d56 -> 
  custom:audio-encoder-webm-vorbis: bf7c407c2cedff20999df2af8eb42d56 -> 
AssetImportWorkerClient::OnTransportError - code=2 error=End of file
